<?xml version="1.0" encoding="UTF-8"?>
<testsuite name="tests.WebQuizEngineTest" tests="1" skipped="0" failures="0" errors="0" timestamp="2026-04-23T12:02:13.534Z" hostname="MacBook-Air-cua-Duong.local" time="49.288">
  <properties/>
  <testcase name="start" classname="tests.WebQuizEngineTest" time="49.288"/>
  <system-out><![CDATA[?[1;31m
Start test 1?[0m
?[0;34m
?[0m?[0;34m  .   ____          _            __ _ _
?[0m?[0;34m /\\ / ___'_ __ _ _(_)_ __  __ _ \ \ \ \
?[0m?[0;34m( ( )\___ | '_ | '_| | '_ \/ _` | \ \ \ \
?[0m?[0;34m \\/  ___)| |_)| | | | | || (_| |  ) ) ) )
?[0m?[0;34m  '  |____| .__|_| |_|_| |_\__, | / / / /
?[0m?[0;34m =========|_|==============|___/=/_/_/_/
?[0m?[0;34m
?[0m?[0;34m :: Spring Boot ::                (v3.5.9)
?[0m?[0;34m
?[0m?[0;34m2026-04-23T19:02:13.892+07:00  INFO 80245 --- [    Test worker] engine.WebQuizEngine                     : Starting WebQuizEngine using Java 23.0.2 with PID 80245 (started by admin in /Users/admin/Documents/Personal/Learn/JAVA/Jetbrain Academy/Hyperskill Example/Web Quiz Engine with Java/Web Quiz Engine with Java/task)
?[0m?[0;34m2026-04-23T19:02:13.894+07:00  INFO 80245 --- [    Test worker] engine.WebQuizEngine                     : No active profile set, falling back to 1 default profile: "default"
?[0m?[0;34m2026-04-23T19:02:14.358+07:00  INFO 80245 --- [    Test worker] .s.d.r.c.RepositoryConfigurationDelegate : Bootstrapping Spring Data JPA repositories in DEFAULT mode.
?[0m?[0;34m2026-04-23T19:02:14.383+07:00  INFO 80245 --- [    Test worker] .s.d.r.c.RepositoryConfigurationDelegate : Finished Spring Data repository scanning in 20 ms. Found 2 JPA repository interfaces.
?[0m?[0;34m2026-04-23T19:02:14.633+07:00  INFO 80245 --- [    Test worker] o.s.b.w.embedded.tomcat.TomcatWebServer  : Tomcat initialized with port 8080 (http)
?[0m?[0;34m2026-04-23T19:02:14.640+07:00  INFO 80245 --- [    Test worker] o.apache.catalina.core.StandardService   : Starting service [Tomcat]
?[0m?[0;34m2026-04-23T19:02:14.640+07:00  INFO 80245 --- [    Test worker] o.apache.catalina.core.StandardEngine    : Starting Servlet engine: [Apache Tomcat/10.1.50]
?[0m?[0;34m2026-04-23T19:02:14.661+07:00  INFO 80245 --- [    Test worker] o.a.c.c.C.[Tomcat].[localhost].[/]       : Initializing Spring embedded WebApplicationContext
?[0m?[0;34m2026-04-23T19:02:14.661+07:00  INFO 80245 --- [    Test worker] w.s.c.ServletWebServerApplicationContext : Root WebApplicationContext: initialization completed in 746 ms
?[0m?[0;34m2026-04-23T19:02:14.778+07:00  INFO 80245 --- [    Test worker] o.hibernate.jpa.internal.util.LogHelper  : HHH000204: Processing PersistenceUnitInfo [name: default]
?[0m?[0;34m2026-04-23T19:02:14.804+07:00  INFO 80245 --- [    Test worker] org.hibernate.Version                    : HHH000412: Hibernate ORM core version 6.6.39.Final
?[0m?[0;34m2026-04-23T19:02:14.818+07:00  INFO 80245 --- [    Test worker] o.h.c.internal.RegionFactoryInitiator    : HHH000026: Second-level cache disabled
?[0m?[0;34m2026-04-23T19:02:14.947+07:00  INFO 80245 --- [    Test worker] o.s.o.j.p.SpringPersistenceUnitInfo      : No LoadTimeWeaver setup: ignoring JPA class transformer
?[0m?[0;34m2026-04-23T19:02:14.962+07:00  INFO 80245 --- [    Test worker] com.zaxxer.hikari.HikariDataSource       : HikariPool-1 - Starting...
?[0m?[0;34m2026-04-23T19:02:15.115+07:00  INFO 80245 --- [    Test worker] com.zaxxer.hikari.pool.HikariPool        : HikariPool-1 - Added connection conn1: url=jdbc:h2:file:../quizdb user=SA
?[0m?[0;34m2026-04-23T19:02:15.116+07:00  INFO 80245 --- [    Test worker] com.zaxxer.hikari.HikariDataSource       : HikariPool-1 - Start completed.
?[0m?[0;34m2026-04-23T19:02:15.128+07:00  WARN 80245 --- [    Test worker] org.hibernate.orm.deprecation            : HHH90000025: H2Dialect does not need to be specified explicitly using 'hibernate.dialect' (remove the property setting and it will be selected by default)
?[0m?[0;34m2026-04-23T19:02:15.137+07:00  INFO 80245 --- [    Test worker] org.hibernate.orm.connections.pooling    : HHH10001005: Database info:
?[0m?[0;34m	Database JDBC URL [Connecting through datasource 'HikariDataSource (HikariPool-1)']
?[0m?[0;34m	Database driver: undefined/unknown
?[0m?[0;34m	Database version: 2.3.232
?[0m?[0;34m	Autocommit mode: undefined/unknown
?[0m?[0;34m	Isolation level: undefined/unknown
?[0m?[0;34m	Minimum pool size: undefined/unknown
?[0m?[0;34m	Maximum pool size: undefined/unknown
?[0m?[0;34m2026-04-23T19:02:15.549+07:00  INFO 80245 --- [    Test worker] o.h.e.t.j.p.i.JtaPlatformInitiator       : HHH000489: No JTA platform available (set 'hibernate.transaction.jta.platform' to enable JTA platform integration)
?[0m?[0;34mHibernate: create table author (email varchar(255) not null, password varchar(255), primary key (email))
?[0m?[0;34mHibernate: create table quiz (id bigint generated by default as identity, text varchar(255), title varchar(255), author_email varchar(255), primary key (id))
?[0m?[0;34mHibernate: create table quiz_answer (quiz_id bigint not null, answer integer)
?[0m?[0;34mHibernate: create table quiz_options (quiz_id bigint not null, options varchar(255))
?[0m?[0;34mHibernate: alter table if exists quiz add constraint FKdu79ags7ip0pro2e4hr1l67rh foreign key (author_email) references author
?[0m?[0;34mHibernate: alter table if exists quiz_answer add constraint FKoxi2td1x8cc3y4a0vlsg2hfnc foreign key (quiz_id) references quiz
?[0m?[0;34mHibernate: alter table if exists quiz_options add constraint FKsx28j7orq6asg17veq9nblhw8 foreign key (quiz_id) references quiz
?[0m?[0;34m2026-04-23T19:02:15.577+07:00  INFO 80245 --- [    Test worker] j.LocalContainerEntityManagerFactoryBean : Initialized JPA EntityManagerFactory for persistence unit 'default'
?[0m?[0;34m2026-04-23T19:02:15.750+07:00  WARN 80245 --- [    Test worker] JpaBaseConfiguration$JpaWebConfiguration : spring.jpa.open-in-view is enabled by default. Therefore, database queries may be performed during view rendering. Explicitly configure spring.jpa.open-in-view to disable this warning
?[0m?[0;34m2026-04-23T19:02:15.766+07:00  INFO 80245 --- [    Test worker] r$InitializeUserDetailsManagerConfigurer : Global AuthenticationManager configured with UserDetailsService bean with name authService
?[0m?[0;34m2026-04-23T19:02:15.928+07:00  INFO 80245 --- [    Test worker] o.s.b.a.e.web.EndpointLinksResolver      : Exposing 14 endpoints beneath base path '/actuator'
?[0m?[0;34m2026-04-23T19:02:16.034+07:00  INFO 80245 --- [    Test worker] o.s.b.a.h2.H2ConsoleAutoConfiguration    : H2 console available at '/h2-console'. Database available at 'jdbc:h2:file:../quizdb'
?[0m?[0;34m2026-04-23T19:02:16.080+07:00  INFO 80245 --- [    Test worker] o.s.b.w.embedded.tomcat.TomcatWebServer  : Tomcat started on port 8080 (http) with context path '/'
?[0m?[0;34m2026-04-23T19:02:16.089+07:00  INFO 80245 --- [    Test worker] engine.WebQuizEngine                     : Started WebQuizEngine in 2.396 seconds (process running for 2.83)
?[0;34m2026-04-23T19:02:16.261+07:00  INFO 80245 --- [nio-8080-exec-1] o.a.c.c.C.[Tomcat].[localhost].[/]       : Initializing Spring DispatcherServlet 'dispatcherServlet'
?[0m?[0;34m2026-04-23T19:02:16.261+07:00  INFO 80245 --- [nio-8080-exec-1] o.s.web.servlet.DispatcherServlet        : Initializing Servlet 'dispatcherServlet'
?[0m?[0;34m2026-04-23T19:02:16.262+07:00  INFO 80245 --- [nio-8080-exec-1] o.s.web.servlet.DispatcherServlet        : Completed initialization in 1 ms
?[0m?[0;34mHibernate: select a1_0.email from author a1_0 where a1_0.email=? fetch first ? rows only
?[0m?[0;34mHibernate: select a1_0.email,a1_0.password from author a1_0 where a1_0.email=?
?[0m?[0;34mHibernate: insert into author (password,email) values (?,?)
?[0m?[1;31m
Start test 2?[0m
?[0;34mHibernate: select a1_0.email from author a1_0 where a1_0.email=? fetch first ? rows only
?[0m?[0;34mHibernate: select a1_0.email,a1_0.password from author a1_0 where a1_0.email=?
?[0m?[0;34mHibernate: insert into author (password,email) values (?,?)
?[1;31m
Start test 3?[0m
?[1;31m
Start test 4?[0m
?[1;31m
Start test 5?[0m
?[0;34mHibernate: select a1_0.email from author a1_0 where a1_0.email=? fetch first ? rows only
?[1;31m
Start test 6?[0m
?[1;31m
Start test 7?[0m
?[1;31m
Start test 8?[0m
?[0;34mHibernate: select a1_0.email,a1_0.password from author a1_0 where a1_0.email=?
?[0m?[0;34mHibernate: select q1_0.id,q1_0.author_email,q1_0.text,q1_0.title from quiz q1_0
?[1;31m
Start test 9?[0m
?[0;34mHibernate: select a1_0.email,a1_0.password from author a1_0 where a1_0.email=?
?[0m?[0;34mHibernate: select q1_0.id,q1_0.author_email,q1_0.text,q1_0.title from quiz q1_0
?[1;31m
Start test 10?[0m
?[0;34mHibernate: select a1_0.email,a1_0.password from author a1_0 where a1_0.email=?
?[0m?[0;34mHibernate: select null,a1_0.password from author a1_0 where a1_0.email=?
?[0m?[0;34mHibernate: insert into quiz (author_email,text,title,id) values (?,?,?,default)
?[0m?[0;34mHibernate: insert into quiz_answer (quiz_id,answer) values (?,?)
?[0m?[0;34mHibernate: insert into quiz_options (quiz_id,options) values (?,?)
?[0m?[0;34mHibernate: insert into quiz_options (quiz_id,options) values (?,?)
?[0m?[0;34mHibernate: insert into quiz_options (quiz_id,options) values (?,?)
?[0m?[0;34mHibernate: insert into quiz_options (quiz_id,options) values (?,?)
?[1;31m
Start test 11?[0m
?[0m?[0;34mHibernate: select a1_0.email,a1_0.password from author a1_0 where a1_0.email=?
?[0m?[0;34mHibernate: select q1_0.id,a1_0.email,a1_0.password,q1_0.text,q1_0.title,a2_0.quiz_id,a2_0.answer from quiz q1_0 left join author a1_0 on a1_0.email=q1_0.author_email left join quiz_answer a2_0 on q1_0.id=a2_0.quiz_id where q1_0.id=?
?[0m?[0;34mHibernate: select o1_0.quiz_id,o1_0.options from quiz_options o1_0 where o1_0.quiz_id=?
?[1;31m
Start test 12?[0m
?[0m?[0;34mHibernate: select a1_0.email,a1_0.password from author a1_0 where a1_0.email=?
?[0m?[0;34mHibernate: select q1_0.id,a1_0.email,a1_0.password,q1_0.text,q1_0.title,a2_0.quiz_id,a2_0.answer from quiz q1_0 left join author a1_0 on a1_0.email=q1_0.author_email left join quiz_answer a2_0 on q1_0.id=a2_0.quiz_id where q1_0.id=?
?[1;31m
Start test 13?[0m
?[0;34mHibernate: select a1_0.email,a1_0.password from author a1_0 where a1_0.email=?
?[0m?[0;34mHibernate: select q1_0.id,q1_0.author_email,q1_0.text,q1_0.title from quiz q1_0
?[0m?[0;34mHibernate: select a1_0.email,a1_0.password from author a1_0 where a1_0.email=?
?[0m?[0;34mHibernate: select o1_0.quiz_id,o1_0.options from quiz_options o1_0 where o1_0.quiz_id=?
?[0m?[0;34mHibernate: select a1_0.quiz_id,a1_0.answer from quiz_answer a1_0 where a1_0.quiz_id=?
?[1;31m
Start test 14?[0m
?[0;34mHibernate: select a1_0.email,a1_0.password from author a1_0 where a1_0.email=?
?[0m?[0;34mHibernate: select null,a1_0.password from author a1_0 where a1_0.email=?
?[0m?[0;34mHibernate: insert into quiz (author_email,text,title,id) values (?,?,?,default)
?[0m?[0;34mHibernate: insert into quiz_answer (quiz_id,answer) values (?,?)
?[0m?[0;34mHibernate: insert into quiz_options (quiz_id,options) values (?,?)
?[0m?[0;34mHibernate: insert into quiz_options (quiz_id,options) values (?,?)
?[0m?[0;34mHibernate: insert into quiz_options (quiz_id,options) values (?,?)
?[0m?[0;34mHibernate: insert into quiz_options (quiz_id,options) values (?,?)
?[1;31m
Start test 15?[0m
?[0m?[0;34mHibernate: select a1_0.email,a1_0.password from author a1_0 where a1_0.email=?
?[0m?[0;34mHibernate: select q1_0.id,a1_0.email,a1_0.password,q1_0.text,q1_0.title,a2_0.quiz_id,a2_0.answer from quiz q1_0 left join author a1_0 on a1_0.email=q1_0.author_email left join quiz_answer a2_0 on q1_0.id=a2_0.quiz_id where q1_0.id=?
?[0m?[0;34mHibernate: select o1_0.quiz_id,o1_0.options from quiz_options o1_0 where o1_0.quiz_id=?
?[1;31m
Start test 16?[0m
?[0;34mHibernate: select a1_0.email,a1_0.password from author a1_0 where a1_0.email=?
?[0m?[0;34mHibernate: select q1_0.id,a1_0.email,a1_0.password,q1_0.text,q1_0.title,a2_0.quiz_id,a2_0.answer from quiz q1_0 left join author a1_0 on a1_0.email=q1_0.author_email left join quiz_answer a2_0 on q1_0.id=a2_0.quiz_id where q1_0.id=?
?[1;31m
Start test 17?[0m
?[0m?[0;34mHibernate: select a1_0.email,a1_0.password from author a1_0 where a1_0.email=?
?[0m?[0;34mHibernate: select q1_0.id,q1_0.author_email,q1_0.text,q1_0.title from quiz q1_0
?[0m?[0;34mHibernate: select a1_0.email,a1_0.password from author a1_0 where a1_0.email=?
?[0m?[0;34mHibernate: select a1_0.email,a1_0.password from author a1_0 where a1_0.email=?
?[0m?[0;34mHibernate: select o1_0.quiz_id,o1_0.options from quiz_options o1_0 where o1_0.quiz_id=?
?[0m?[0;34mHibernate: select a1_0.quiz_id,a1_0.answer from quiz_answer a1_0 where a1_0.quiz_id=?
?[0m?[0;34mHibernate: select o1_0.quiz_id,o1_0.options from quiz_options o1_0 where o1_0.quiz_id=?
?[0m?[0;34mHibernate: select a1_0.quiz_id,a1_0.answer from quiz_answer a1_0 where a1_0.quiz_id=?
?[1;31m
Start test 18?[0m
?[1;31m
Start test 19?[0m
?[1;31m
Start test 20?[0m
?[1;31m
Start test 21?[0m
?[1;31m
Start test 22?[0m
?[1;31m
Start test 23?[0m
?[1;31m
Start test 24?[0m
?[1;31m
Start test 25?[0m
?[0m?[0;34mHibernate: select a1_0.email,a1_0.password from author a1_0 where a1_0.email=?
?[1;31m
Start test 26?[0m
?[0m?[0;34mHibernate: select a1_0.email,a1_0.password from author a1_0 where a1_0.email=?
?[1;31m
Start test 27?[0m
?[0m?[0;34mHibernate: select a1_0.email,a1_0.password from author a1_0 where a1_0.email=?
?[1;31m
Start test 28?[0m
?[0m?[0;34mHibernate: select a1_0.email,a1_0.password from author a1_0 where a1_0.email=?
?[1;31m
Start test 29?[0m
?[0;34mHibernate: select a1_0.email,a1_0.password from author a1_0 where a1_0.email=?
?[1;31m
Start test 30?[0m
?[0m?[0;34mHibernate: select a1_0.email,a1_0.password from author a1_0 where a1_0.email=?
?[1;31m
Start test 31?[0m
?[0m?[0;34mHibernate: select a1_0.email,a1_0.password from author a1_0 where a1_0.email=?
?[1;31m
Start test 32?[0m
?[0m?[0;34mHibernate: select a1_0.email,a1_0.password from author a1_0 where a1_0.email=?
?[0m?[0;34mHibernate: select q1_0.id,a1_0.email,a1_0.password,q1_0.text,q1_0.title,a2_0.quiz_id,a2_0.answer from quiz q1_0 left join author a1_0 on a1_0.email=q1_0.author_email left join quiz_answer a2_0 on q1_0.id=a2_0.quiz_id where q1_0.id=?
?[0m?[0;34mHibernate: select o1_0.quiz_id,o1_0.options from quiz_options o1_0 where o1_0.quiz_id=?
?[1;31m
Start test 33?[0m
?[0m?[0;34mHibernate: select a1_0.email,a1_0.password from author a1_0 where a1_0.email=?
?[0m?[0;34mHibernate: select q1_0.id,a1_0.email,a1_0.password,q1_0.text,q1_0.title,a2_0.quiz_id,a2_0.answer from quiz q1_0 left join author a1_0 on a1_0.email=q1_0.author_email left join quiz_answer a2_0 on q1_0.id=a2_0.quiz_id where q1_0.id=?
?[0m?[0;34mHibernate: select o1_0.quiz_id,o1_0.options from quiz_options o1_0 where o1_0.quiz_id=?
?[1;31m
Start test 34?[0m
?[0m?[0;34mHibernate: select a1_0.email,a1_0.password from author a1_0 where a1_0.email=?
?[0m?[0;34mHibernate: select q1_0.id,a1_0.email,a1_0.password,q1_0.text,q1_0.title,a2_0.quiz_id,a2_0.answer from quiz q1_0 left join author a1_0 on a1_0.email=q1_0.author_email left join quiz_answer a2_0 on q1_0.id=a2_0.quiz_id where q1_0.id=?
?[0m?[0;34mHibernate: select o1_0.quiz_id,o1_0.options from quiz_options o1_0 where o1_0.quiz_id=?
?[1;31m
Start test 35?[0m
?[0m?[0;34mHibernate: select a1_0.email,a1_0.password from author a1_0 where a1_0.email=?
?[0m?[0;34mHibernate: select q1_0.id,a1_0.email,a1_0.password,q1_0.text,q1_0.title,a2_0.quiz_id,a2_0.answer from quiz q1_0 left join author a1_0 on a1_0.email=q1_0.author_email left join quiz_answer a2_0 on q1_0.id=a2_0.quiz_id where q1_0.id=?
?[0m?[0;34mHibernate: select o1_0.quiz_id,o1_0.options from quiz_options o1_0 where o1_0.quiz_id=?
?[1;31m
Start test 36?[0m
?[0m?[0;34mHibernate: select a1_0.email,a1_0.password from author a1_0 where a1_0.email=?
?[0m?[0;34mHibernate: select q1_0.id,a1_0.email,a1_0.password,q1_0.text,q1_0.title,a2_0.quiz_id,a2_0.answer from quiz q1_0 left join author a1_0 on a1_0.email=q1_0.author_email left join quiz_answer a2_0 on q1_0.id=a2_0.quiz_id where q1_0.id=?
?[0m?[0;34mHibernate: select o1_0.quiz_id,o1_0.options from quiz_options o1_0 where o1_0.quiz_id=?
?[1;31m
Start test 37?[0m
?[0m?[0;34mHibernate: select a1_0.email,a1_0.password from author a1_0 where a1_0.email=?
?[0m?[0;34mHibernate: select q1_0.id,a1_0.email,a1_0.password,q1_0.text,q1_0.title,a2_0.quiz_id,a2_0.answer from quiz q1_0 left join author a1_0 on a1_0.email=q1_0.author_email left join quiz_answer a2_0 on q1_0.id=a2_0.quiz_id where q1_0.id=?
?[0m?[0;34mHibernate: select o1_0.quiz_id,o1_0.options from quiz_options o1_0 where o1_0.quiz_id=?
?[1;31m
Start test 38?[0m
?[0m?[0;34mHibernate: select a1_0.email,a1_0.password from author a1_0 where a1_0.email=?
?[0m?[0;34mHibernate: select q1_0.id,a1_0.email,a1_0.password,q1_0.text,q1_0.title,a2_0.quiz_id,a2_0.answer from quiz q1_0 left join author a1_0 on a1_0.email=q1_0.author_email left join quiz_answer a2_0 on q1_0.id=a2_0.quiz_id where q1_0.id=?
?[0m?[0;34mHibernate: select o1_0.quiz_id,o1_0.options from quiz_options o1_0 where o1_0.quiz_id=?
?[1;31m
Start test 39?[0m
?[0m?[0;34mHibernate: select a1_0.email,a1_0.password from author a1_0 where a1_0.email=?
?[0m?[0;34mHibernate: select q1_0.id,a1_0.email,a1_0.password,q1_0.text,q1_0.title,a2_0.quiz_id,a2_0.answer from quiz q1_0 left join author a1_0 on a1_0.email=q1_0.author_email left join quiz_answer a2_0 on q1_0.id=a2_0.quiz_id where q1_0.id=?
?[0m?[0;34mHibernate: select o1_0.quiz_id,o1_0.options from quiz_options o1_0 where o1_0.quiz_id=?
?[1;31m
Start test 40?[0m
?[0m?[0;34mHibernate: select a1_0.email,a1_0.password from author a1_0 where a1_0.email=?
?[0m?[0;34mHibernate: select q1_0.id,q1_0.author_email,q1_0.text,q1_0.title from quiz q1_0
?[0m?[0;34mHibernate: select a1_0.email,a1_0.password from author a1_0 where a1_0.email=?
?[0m?[0;34mHibernate: select a1_0.email,a1_0.password from author a1_0 where a1_0.email=?
?[0m?[0;34mHibernate: select o1_0.quiz_id,o1_0.options from quiz_options o1_0 where o1_0.quiz_id=?
?[0m?[0;34mHibernate: select a1_0.quiz_id,a1_0.answer from quiz_answer a1_0 where a1_0.quiz_id=?
?[0m?[0;34mHibernate: select o1_0.quiz_id,o1_0.options from quiz_options o1_0 where o1_0.quiz_id=?
?[0m?[0;34mHibernate: select a1_0.quiz_id,a1_0.answer from quiz_answer a1_0 where a1_0.quiz_id=?
?[1;31m
Start test 41?[0m
?[0m?[0;34mHibernate: select a1_0.email,a1_0.password from author a1_0 where a1_0.email=?
?[0m?[0;34mHibernate: select q1_0.id,q1_0.author_email,q1_0.text,q1_0.title from quiz q1_0
?[0m?[0;34mHibernate: select a1_0.email,a1_0.password from author a1_0 where a1_0.email=?
?[0m?[0;34mHibernate: select a1_0.email,a1_0.password from author a1_0 where a1_0.email=?
?[0m?[0;34mHibernate: select o1_0.quiz_id,o1_0.options from quiz_options o1_0 where o1_0.quiz_id=?
?[0m?[0;34mHibernate: select a1_0.quiz_id,a1_0.answer from quiz_answer a1_0 where a1_0.quiz_id=?
?[0m?[0;34mHibernate: select o1_0.quiz_id,o1_0.options from quiz_options o1_0 where o1_0.quiz_id=?
?[0m?[0;34mHibernate: select a1_0.quiz_id,a1_0.answer from quiz_answer a1_0 where a1_0.quiz_id=?
?[1;31m
Start test 42?[0m
?[0;34m2026-04-23T19:02:19.789+07:00  INFO 80245 --- [       Thread-6] o.s.b.w.e.tomcat.GracefulShutdown        : Commencing graceful shutdown. Waiting for active requests to complete
?[0;34m2026-04-23T19:02:21.800+07:00  INFO 80245 --- [tomcat-shutdown] o.s.b.w.e.tomcat.GracefulShutdown        : Graceful shutdown complete
?[0;34m2026-04-23T19:02:21.800+07:00 ERROR 80245 --- [o-8080-Acceptor] org.apache.tomcat.util.net.Acceptor      : Socket accept failed
?[0m?[0;34m
?[0m?[0;34mjava.nio.channels.AsynchronousCloseException
?[0m?[0;34m	at java.base/java.nio.channels.spi.AbstractInterruptibleChannel.end(AbstractInterruptibleChannel.java:218) ~[na:na]
?[0m?[0;34m	at java.base/sun.nio.ch.ServerSocketChannelImpl.end(ServerSocketChannelImpl.java:383) ~[na:na]
?[0m?[0;34m	at java.base/sun.nio.ch.ServerSocketChannelImpl.accept(ServerSocketChannelImpl.java:408) ~[na:na]
?[0m?[0;34m	at org.apache.tomcat.util.net.NioEndpoint.serverSocketAccept(NioEndpoint.java:535) ~[tomcat-embed-core-10.1.50.jar:10.1.50]
?[0m?[0;34m	at org.apache.tomcat.util.net.NioEndpoint.serverSocketAccept(NioEndpoint.java:70) ~[tomcat-embed-core-10.1.50.jar:10.1.50]
?[0m?[0;34m	at org.apache.tomcat.util.net.Acceptor.run(Acceptor.java:127) ~[tomcat-embed-core-10.1.50.jar:10.1.50]
?[0m?[0;34m	at java.base/java.lang.Thread.run(Thread.java:1575) ~[na:na]
?[0m?[0;34m
?[0m?[0;34m2026-04-23T19:02:21.806+07:00  INFO 80245 --- [       Thread-6] j.LocalContainerEntityManagerFactoryBean : Closing JPA EntityManagerFactory for persistence unit 'default'
?[0m?[0;34m2026-04-23T19:02:21.808+07:00  INFO 80245 --- [       Thread-6] com.zaxxer.hikari.HikariDataSource       : HikariPool-1 - Shutdown initiated...
?[0m?[0;34m2026-04-23T19:02:22.024+07:00  INFO 80245 --- [       Thread-6] com.zaxxer.hikari.HikariDataSource       : HikariPool-1 - Shutdown completed.
?[0;34m
?[0m?[0;34m  .   ____          _            __ _ _
?[0m?[0;34m /\\ / ___'_ __ _ _(_)_ __  __ _ \ \ \ \
?[0m?[0;34m( ( )\___ | '_ | '_| | '_ \/ _` | \ \ \ \
?[0m?[0;34m \\/  ___)| |_)| | | | | || (_| |  ) ) ) )
?[0m?[0;34m  '  |____| .__|_| |_|_| |_\__, | / / / /
?[0m?[0;34m =========|_|==============|___/=/_/_/_/
?[0m?[0;34m
?[0m?[0;34m :: Spring Boot ::                (v3.5.9)
?[0m?[0;34m
?[0m?[0;34m2026-04-23T19:02:29.685+07:00  INFO 80245 --- [    Test worker] engine.WebQuizEngine                     : Starting WebQuizEngine using Java 23.0.2 with PID 80245 (started by admin in /Users/admin/Documents/Personal/Learn/JAVA/Jetbrain Academy/Hyperskill Example/Web Quiz Engine with Java/Web Quiz Engine with Java/task)
?[0m?[0;34m2026-04-23T19:02:29.686+07:00  INFO 80245 --- [    Test worker] engine.WebQuizEngine                     : No active profile set, falling back to 1 default profile: "default"
?[0m?[0;34m2026-04-23T19:02:29.795+07:00  INFO 80245 --- [    Test worker] .s.d.r.c.RepositoryConfigurationDelegate : Bootstrapping Spring Data JPA repositories in DEFAULT mode.
?[0m?[0;34m2026-04-23T19:02:29.800+07:00  INFO 80245 --- [    Test worker] .s.d.r.c.RepositoryConfigurationDelegate : Finished Spring Data repository scanning in 3 ms. Found 2 JPA repository interfaces.
?[0m?[0;34m2026-04-23T19:02:29.826+07:00  INFO 80245 --- [    Test worker] o.s.b.w.embedded.tomcat.TomcatWebServer  : Tomcat initialized with port 8080 (http)
?[0m?[0;34m2026-04-23T19:02:29.827+07:00  INFO 80245 --- [    Test worker] o.apache.catalina.core.StandardService   : Starting service [Tomcat]
?[0m?[0;34m2026-04-23T19:02:29.827+07:00  INFO 80245 --- [    Test worker] o.apache.catalina.core.StandardEngine    : Starting Servlet engine: [Apache Tomcat/10.1.50]
?[0m?[0;34m2026-04-23T19:02:29.834+07:00  INFO 80245 --- [    Test worker] o.a.c.c.C.[Tomcat].[localhost].[/]       : Initializing Spring embedded WebApplicationContext
?[0m?[0;34m2026-04-23T19:02:29.834+07:00  INFO 80245 --- [    Test worker] w.s.c.ServletWebServerApplicationContext : Root WebApplicationContext: initialization completed in 147 ms
?[0m?[0;34m2026-04-23T19:02:29.855+07:00  INFO 80245 --- [    Test worker] o.hibernate.jpa.internal.util.LogHelper  : HHH000204: Processing PersistenceUnitInfo [name: default]
?[0m?[0;34m2026-04-23T19:02:29.857+07:00  INFO 80245 --- [    Test worker] o.h.c.internal.RegionFactoryInitiator    : HHH000026: Second-level cache disabled
?[0m?[0;34m2026-04-23T19:02:29.862+07:00  INFO 80245 --- [    Test worker] o.s.o.j.p.SpringPersistenceUnitInfo      : No LoadTimeWeaver setup: ignoring JPA class transformer
?[0m?[0;34m2026-04-23T19:02:29.863+07:00  INFO 80245 --- [    Test worker] com.zaxxer.hikari.HikariDataSource       : HikariPool-2 - Starting...
?[0m?[0;34m2026-04-23T19:02:29.904+07:00  INFO 80245 --- [    Test worker] com.zaxxer.hikari.pool.HikariPool        : HikariPool-2 - Added connection conn12: url=jdbc:h2:file:../quizdb user=SA
?[0m?[0;34m2026-04-23T19:02:29.904+07:00  INFO 80245 --- [    Test worker] com.zaxxer.hikari.HikariDataSource       : HikariPool-2 - Start completed.
?[0m?[0;34m2026-04-23T19:02:29.904+07:00  WARN 80245 --- [    Test worker] org.hibernate.orm.deprecation            : HHH90000025: H2Dialect does not need to be specified explicitly using 'hibernate.dialect' (remove the property setting and it will be selected by default)
?[0m?[0;34m2026-04-23T19:02:29.905+07:00  INFO 80245 --- [    Test worker] org.hibernate.orm.connections.pooling    : HHH10001005: Database info:
?[0m?[0;34m	Database JDBC URL [Connecting through datasource 'HikariDataSource (HikariPool-2)']
?[0m?[0;34m	Database driver: undefined/unknown
?[0m?[0;34m	Database version: 2.3.232
?[0m?[0;34m	Autocommit mode: undefined/unknown
?[0m?[0;34m	Isolation level: undefined/unknown
?[0m?[0;34m	Minimum pool size: undefined/unknown
?[0m?[0;34m	Maximum pool size: undefined/unknown
?[0m?[0;34m2026-04-23T19:02:29.921+07:00  INFO 80245 --- [    Test worker] o.h.e.t.j.p.i.JtaPlatformInitiator       : HHH000489: No JTA platform available (set 'hibernate.transaction.jta.platform' to enable JTA platform integration)
?[0m?[0;34m2026-04-23T19:02:29.926+07:00  INFO 80245 --- [    Test worker] j.LocalContainerEntityManagerFactoryBean : Initialized JPA EntityManagerFactory for persistence unit 'default'
?[0m?[0;34m2026-04-23T19:02:29.942+07:00  WARN 80245 --- [    Test worker] JpaBaseConfiguration$JpaWebConfiguration : spring.jpa.open-in-view is enabled by default. Therefore, database queries may be performed during view rendering. Explicitly configure spring.jpa.open-in-view to disable this warning
?[0m?[0;34m2026-04-23T19:02:29.945+07:00  INFO 80245 --- [    Test worker] r$InitializeUserDetailsManagerConfigurer : Global AuthenticationManager configured with UserDetailsService bean with name authService
?[0m?[0;34m2026-04-23T19:02:29.979+07:00  INFO 80245 --- [    Test worker] o.s.b.a.e.web.EndpointLinksResolver      : Exposing 14 endpoints beneath base path '/actuator'
?[0m?[0;34m2026-04-23T19:02:30.000+07:00  INFO 80245 --- [    Test worker] o.s.b.a.h2.H2ConsoleAutoConfiguration    : H2 console available at '/h2-console'. Database available at 'jdbc:h2:file:../quizdb'
?[0m?[0;34m2026-04-23T19:02:30.008+07:00  INFO 80245 --- [    Test worker] o.s.b.w.embedded.tomcat.TomcatWebServer  : Tomcat started on port 8080 (http) with context path '/'
?[0m?[0;34m2026-04-23T19:02:30.011+07:00  INFO 80245 --- [    Test worker] engine.WebQuizEngine                     : Started WebQuizEngine in 0.349 seconds (process running for 16.752)
?[0m?[1;31m
Start test 43?[0m
?[0;34m2026-04-23T19:02:30.016+07:00  INFO 80245 --- [nio-8080-exec-1] o.a.c.c.C.[Tomcat].[localhost].[/]       : Initializing Spring DispatcherServlet 'dispatcherServlet'
?[0m?[0;34m2026-04-23T19:02:30.016+07:00  INFO 80245 --- [nio-8080-exec-1] o.s.web.servlet.DispatcherServlet        : Initializing Servlet 'dispatcherServlet'
?[0m?[0;34m2026-04-23T19:02:30.016+07:00  INFO 80245 --- [nio-8080-exec-1] o.s.web.servlet.DispatcherServlet        : Completed initialization in 0 ms
?[0m?[0;34mHibernate: select a1_0.email,a1_0.password from author a1_0 where a1_0.email=?
?[0m?[0;34mHibernate: select q1_0.id,q1_0.author_email,q1_0.text,q1_0.title from quiz q1_0
?[0m?[0;34mHibernate: select a1_0.email,a1_0.password from author a1_0 where a1_0.email=?
?[0m?[0;34mHibernate: select a1_0.email,a1_0.password from author a1_0 where a1_0.email=?
?[0m?[0;34mHibernate: select o1_0.quiz_id,o1_0.options from quiz_options o1_0 where o1_0.quiz_id=?
?[0m?[0;34mHibernate: select a1_0.quiz_id,a1_0.answer from quiz_answer a1_0 where a1_0.quiz_id=?
?[0m?[0;34mHibernate: select o1_0.quiz_id,o1_0.options from quiz_options o1_0 where o1_0.quiz_id=?
?[0m?[0;34mHibernate: select a1_0.quiz_id,a1_0.answer from quiz_answer a1_0 where a1_0.quiz_id=?
?[1;31m
Start test 44?[0m
?[0;34mHibernate: select a1_0.email,a1_0.password from author a1_0 where a1_0.email=?
?[0m?[0;34mHibernate: select q1_0.id,q1_0.author_email,q1_0.text,q1_0.title from quiz q1_0
?[0m?[0;34mHibernate: select a1_0.email,a1_0.password from author a1_0 where a1_0.email=?
?[0m?[0;34mHibernate: select a1_0.email,a1_0.password from author a1_0 where a1_0.email=?
?[0m?[0;34mHibernate: select o1_0.quiz_id,o1_0.options from quiz_options o1_0 where o1_0.quiz_id=?
?[0m?[0;34mHibernate: select a1_0.quiz_id,a1_0.answer from quiz_answer a1_0 where a1_0.quiz_id=?
?[0m?[0;34mHibernate: select o1_0.quiz_id,o1_0.options from quiz_options o1_0 where o1_0.quiz_id=?
?[0m?[0;34mHibernate: select a1_0.quiz_id,a1_0.answer from quiz_answer a1_0 where a1_0.quiz_id=?
?[1;31m
Start test 45?[0m
?[0;34mHibernate: select a1_0.email,a1_0.password from author a1_0 where a1_0.email=?
?[0m?[0;34mHibernate: select q1_0.id,a1_0.email,a1_0.password,q1_0.text,q1_0.title,a2_0.quiz_id,a2_0.answer from quiz q1_0 left join author a1_0 on a1_0.email=q1_0.author_email left join quiz_answer a2_0 on q1_0.id=a2_0.quiz_id where q1_0.id=?
?[0m?[0;34mHibernate: select o1_0.quiz_id,o1_0.options from quiz_options o1_0 where o1_0.quiz_id=?
?[1;31m
Start test 46?[0m
?[0;34mHibernate: select a1_0.email,a1_0.password from author a1_0 where a1_0.email=?
?[0m?[0;34mHibernate: select q1_0.id,a1_0.email,a1_0.password,q1_0.text,q1_0.title,a2_0.quiz_id,a2_0.answer from quiz q1_0 left join author a1_0 on a1_0.email=q1_0.author_email left join quiz_answer a2_0 on q1_0.id=a2_0.quiz_id where q1_0.id=?
?[0m?[0;34mHibernate: select o1_0.quiz_id,o1_0.options from quiz_options o1_0 where o1_0.quiz_id=?
?[1;31m
Start test 47?[0m
?[0;34mHibernate: select a1_0.email,a1_0.password from author a1_0 where a1_0.email=?
?[0m?[0;34mHibernate: select q1_0.id,a1_0.email,a1_0.password,q1_0.text,q1_0.title,a2_0.quiz_id,a2_0.answer from quiz q1_0 left join author a1_0 on a1_0.email=q1_0.author_email left join quiz_answer a2_0 on q1_0.id=a2_0.quiz_id where q1_0.id=?
?[0m?[0;34mHibernate: select o1_0.quiz_id,o1_0.options from quiz_options o1_0 where o1_0.quiz_id=?
?[1;31m
Start test 48?[0m
?[0;34mHibernate: select a1_0.email,a1_0.password from author a1_0 where a1_0.email=?
?[0m?[0;34mHibernate: select q1_0.id,a1_0.email,a1_0.password,q1_0.text,q1_0.title,a2_0.quiz_id,a2_0.answer from quiz q1_0 left join author a1_0 on a1_0.email=q1_0.author_email left join quiz_answer a2_0 on q1_0.id=a2_0.quiz_id where q1_0.id=?
?[0m?[0;34mHibernate: select o1_0.quiz_id,o1_0.options from quiz_options o1_0 where o1_0.quiz_id=?
?[1;31m
Start test 49?[0m
?[0;34mHibernate: select a1_0.email,a1_0.password from author a1_0 where a1_0.email=?
?[1;31m
Start test 50?[0m
?[0;34mHibernate: select a1_0.email,a1_0.password from author a1_0 where a1_0.email=?
?[1;31m
Start test 51?[0m
?[0;34mHibernate: select a1_0.email,a1_0.password from author a1_0 where a1_0.email=?
?[1;31m
Start test 52?[0m
?[0;34mHibernate: select a1_0.email,a1_0.password from author a1_0 where a1_0.email=?
?[1;31m
Start test 53?[0m
?[0m?[0;34mHibernate: select a1_0.email,a1_0.password from author a1_0 where a1_0.email=?
?[1;31m
Start test 54?[0m
?[0m?[0;34mHibernate: select a1_0.email,a1_0.password from author a1_0 where a1_0.email=?
?[1;31m
Start test 55?[0m
?[0m?[0;34mHibernate: select a1_0.email,a1_0.password from author a1_0 where a1_0.email=?
?[1;31m
Start test 56?[0m
?[0m?[0;34mHibernate: select a1_0.email,a1_0.password from author a1_0 where a1_0.email=?
?[0m?[0;34mHibernate: select null,a1_0.password from author a1_0 where a1_0.email=?
?[0m?[0;34mHibernate: insert into quiz (author_email,text,title,id) values (?,?,?,default)
?[0m?[0;34mHibernate: insert into quiz_answer (quiz_id,answer) values (?,?)
?[0m?[0;34mHibernate: insert into quiz_answer (quiz_id,answer) values (?,?)
?[0m?[0;34mHibernate: insert into quiz_options (quiz_id,options) values (?,?)
?[0m?[0;34mHibernate: insert into quiz_options (quiz_id,options) values (?,?)
?[0m?[0;34mHibernate: insert into quiz_options (quiz_id,options) values (?,?)
?[0m?[0;34mHibernate: insert into quiz_options (quiz_id,options) values (?,?)
?[1;31m
Start test 57?[0m
?[0m?[0;34mHibernate: select a1_0.email,a1_0.password from author a1_0 where a1_0.email=?
?[0m?[0;34mHibernate: select q1_0.id,a1_0.email,a1_0.password,q1_0.text,q1_0.title,a2_0.quiz_id,a2_0.answer from quiz q1_0 left join author a1_0 on a1_0.email=q1_0.author_email left join quiz_answer a2_0 on q1_0.id=a2_0.quiz_id where q1_0.id=?
?[0m?[0;34mHibernate: select o1_0.quiz_id,o1_0.options from quiz_options o1_0 where o1_0.quiz_id=?
?[1;31m
Start test 58?[0m
?[0m?[0;34mHibernate: select a1_0.email,a1_0.password from author a1_0 where a1_0.email=?
?[0m?[0;34mHibernate: select q1_0.id,a1_0.email,a1_0.password,q1_0.text,q1_0.title,a2_0.quiz_id,a2_0.answer from quiz q1_0 left join author a1_0 on a1_0.email=q1_0.author_email left join quiz_answer a2_0 on q1_0.id=a2_0.quiz_id where q1_0.id=?
?[1;31m
Start test 59?[0m
?[0m?[0;34mHibernate: select a1_0.email,a1_0.password from author a1_0 where a1_0.email=?
?[0m?[0;34mHibernate: select q1_0.id,a1_0.email,a1_0.password,q1_0.text,q1_0.title,a2_0.quiz_id,a2_0.answer from quiz q1_0 left join author a1_0 on a1_0.email=q1_0.author_email left join quiz_answer a2_0 on q1_0.id=a2_0.quiz_id where q1_0.id=?
?[0m?[0;34mHibernate: select o1_0.quiz_id,o1_0.options from quiz_options o1_0 where o1_0.quiz_id=?
?[1;31m
Start test 60?[0m
?[0m?[0;34mHibernate: select a1_0.email,a1_0.password from author a1_0 where a1_0.email=?
?[0m?[0;34mHibernate: select q1_0.id,a1_0.email,a1_0.password,q1_0.text,q1_0.title,a2_0.quiz_id,a2_0.answer from quiz q1_0 left join author a1_0 on a1_0.email=q1_0.author_email left join quiz_answer a2_0 on q1_0.id=a2_0.quiz_id where q1_0.id=?
?[0m?[0;34mHibernate: select o1_0.quiz_id,o1_0.options from quiz_options o1_0 where o1_0.quiz_id=?
?[1;31m
Start test 61?[0m
?[0m?[0;34mHibernate: select a1_0.email,a1_0.password from author a1_0 where a1_0.email=?
?[0m?[0;34mHibernate: select q1_0.id,a1_0.email,a1_0.password,q1_0.text,q1_0.title,a2_0.quiz_id,a2_0.answer from quiz q1_0 left join author a1_0 on a1_0.email=q1_0.author_email left join quiz_answer a2_0 on q1_0.id=a2_0.quiz_id where q1_0.id=?
?[0m?[0;34mHibernate: select o1_0.quiz_id,o1_0.options from quiz_options o1_0 where o1_0.quiz_id=?
?[1;31m
Start test 62?[0m
?[0m?[0;34mHibernate: select a1_0.email,a1_0.password from author a1_0 where a1_0.email=?
?[0m?[0;34mHibernate: select q1_0.id,a1_0.email,a1_0.password,q1_0.text,q1_0.title,a2_0.quiz_id,a2_0.answer from quiz q1_0 left join author a1_0 on a1_0.email=q1_0.author_email left join quiz_answer a2_0 on q1_0.id=a2_0.quiz_id where q1_0.id=?
?[0m?[0;34mHibernate: select o1_0.quiz_id,o1_0.options from quiz_options o1_0 where o1_0.quiz_id=?
?[1;31m
Start test 63?[0m
?[0m?[0;34mHibernate: select a1_0.email,a1_0.password from author a1_0 where a1_0.email=?
?[0m?[0;34mHibernate: select q1_0.id,a1_0.email,a1_0.password,q1_0.text,q1_0.title,a2_0.quiz_id,a2_0.answer from quiz q1_0 left join author a1_0 on a1_0.email=q1_0.author_email left join quiz_answer a2_0 on q1_0.id=a2_0.quiz_id where q1_0.id=?
?[0m?[0;34mHibernate: select o1_0.quiz_id,o1_0.options from quiz_options o1_0 where o1_0.quiz_id=?
?[1;31m
Start test 64?[0m
?[0m?[0;34mHibernate: select a1_0.email,a1_0.password from author a1_0 where a1_0.email=?
?[0m?[0;34mHibernate: select q1_0.id,a1_0.email,a1_0.password,q1_0.text,q1_0.title,a2_0.quiz_id,a2_0.answer from quiz q1_0 left join author a1_0 on a1_0.email=q1_0.author_email left join quiz_answer a2_0 on q1_0.id=a2_0.quiz_id where q1_0.id=?
?[0m?[0;34mHibernate: select o1_0.quiz_id,o1_0.options from quiz_options o1_0 where o1_0.quiz_id=?
?[1;31m
Start test 65?[0m
?[0m?[0;34mHibernate: select a1_0.email,a1_0.password from author a1_0 where a1_0.email=?
?[0m?[0;34mHibernate: select q1_0.id,a1_0.email,a1_0.password,q1_0.text,q1_0.title,a2_0.quiz_id,a2_0.answer from quiz q1_0 left join author a1_0 on a1_0.email=q1_0.author_email left join quiz_answer a2_0 on q1_0.id=a2_0.quiz_id where q1_0.id=?
?[0m?[0;34mHibernate: select o1_0.quiz_id,o1_0.options from quiz_options o1_0 where o1_0.quiz_id=?
?[1;31m
Start test 66?[0m
?[0m?[0;34mHibernate: select a1_0.email,a1_0.password from author a1_0 where a1_0.email=?
?[0m?[0;34mHibernate: select q1_0.id,a1_0.email,a1_0.password,q1_0.text,q1_0.title,a2_0.quiz_id,a2_0.answer from quiz q1_0 left join author a1_0 on a1_0.email=q1_0.author_email left join quiz_answer a2_0 on q1_0.id=a2_0.quiz_id where q1_0.id=?
?[0m?[0;34mHibernate: select o1_0.quiz_id,o1_0.options from quiz_options o1_0 where o1_0.quiz_id=?
?[1;31m
Start test 67?[0m
?[0m?[0;34mHibernate: select a1_0.email,a1_0.password from author a1_0 where a1_0.email=?
?[0m?[0;34mHibernate: select q1_0.id,a1_0.email,a1_0.password,q1_0.text,q1_0.title,a2_0.quiz_id,a2_0.answer from quiz q1_0 left join author a1_0 on a1_0.email=q1_0.author_email left join quiz_answer a2_0 on q1_0.id=a2_0.quiz_id where q1_0.id=?
?[0m?[0;34mHibernate: select o1_0.quiz_id,o1_0.options from quiz_options o1_0 where o1_0.quiz_id=?
?[1;31m
Start test 68?[0m
?[0;34mHibernate: select a1_0.email,a1_0.password from author a1_0 where a1_0.email=?
?[0m?[0;34mHibernate: select q1_0.id,a1_0.email,a1_0.password,q1_0.text,q1_0.title,a2_0.quiz_id,a2_0.answer from quiz q1_0 left join author a1_0 on a1_0.email=q1_0.author_email left join quiz_answer a2_0 on q1_0.id=a2_0.quiz_id where q1_0.id=?
?[0m?[0;34mHibernate: select o1_0.quiz_id,o1_0.options from quiz_options o1_0 where o1_0.quiz_id=?
?[1;31m
Start test 69?[0m
?[0m?[0;34mHibernate: select a1_0.email,a1_0.password from author a1_0 where a1_0.email=?
?[0m?[0;34mHibernate: select q1_0.id,a1_0.email,a1_0.password,q1_0.text,q1_0.title,a2_0.quiz_id,a2_0.answer from quiz q1_0 left join author a1_0 on a1_0.email=q1_0.author_email left join quiz_answer a2_0 on q1_0.id=a2_0.quiz_id where q1_0.id=?
?[0m?[0;34mHibernate: select o1_0.quiz_id,o1_0.options from quiz_options o1_0 where o1_0.quiz_id=?
?[1;31m
Start test 70?[0m
?[0m?[0;34mHibernate: select a1_0.email,a1_0.password from author a1_0 where a1_0.email=?
?[0m?[0;34mHibernate: select q1_0.id,a1_0.email,a1_0.password,q1_0.text,q1_0.title,a2_0.quiz_id,a2_0.answer from quiz q1_0 left join author a1_0 on a1_0.email=q1_0.author_email left join quiz_answer a2_0 on q1_0.id=a2_0.quiz_id where q1_0.id=?
?[0m?[0;34mHibernate: select o1_0.quiz_id,o1_0.options from quiz_options o1_0 where o1_0.quiz_id=?
?[1;31m
Start test 71?[0m
?[0m?[0;34mHibernate: select a1_0.email,a1_0.password from author a1_0 where a1_0.email=?
?[0m?[0;34mHibernate: select q1_0.id,a1_0.email,a1_0.password,q1_0.text,q1_0.title,a2_0.quiz_id,a2_0.answer from quiz q1_0 left join author a1_0 on a1_0.email=q1_0.author_email left join quiz_answer a2_0 on q1_0.id=a2_0.quiz_id where q1_0.id=?
?[0m?[0;34mHibernate: select o1_0.quiz_id,o1_0.options from quiz_options o1_0 where o1_0.quiz_id=?
?[1;31m
Start test 72?[0m
?[0m?[0;34mHibernate: select a1_0.email,a1_0.password from author a1_0 where a1_0.email=?
?[0m?[0;34mHibernate: select q1_0.id,a1_0.email,a1_0.password,q1_0.text,q1_0.title,a2_0.quiz_id,a2_0.answer from quiz q1_0 left join author a1_0 on a1_0.email=q1_0.author_email left join quiz_answer a2_0 on q1_0.id=a2_0.quiz_id where q1_0.id=?
?[0m?[0;34mHibernate: select o1_0.quiz_id,o1_0.options from quiz_options o1_0 where o1_0.quiz_id=?
?[1;31m
Start test 73?[0m
?[0m?[0;34mHibernate: select a1_0.email,a1_0.password from author a1_0 where a1_0.email=?
?[0m?[0;34mHibernate: select q1_0.id,a1_0.email,a1_0.password,q1_0.text,q1_0.title,a2_0.quiz_id,a2_0.answer from quiz q1_0 left join author a1_0 on a1_0.email=q1_0.author_email left join quiz_answer a2_0 on q1_0.id=a2_0.quiz_id where q1_0.id=?
?[0m?[0;34mHibernate: select o1_0.quiz_id,o1_0.options from quiz_options o1_0 where o1_0.quiz_id=?
?[1;31m
Start test 74?[0m
?[0m?[0;34mHibernate: select a1_0.email,a1_0.password from author a1_0 where a1_0.email=?
?[0m?[0;34mHibernate: select null,a1_0.password from author a1_0 where a1_0.email=?
?[0m?[0;34mHibernate: insert into quiz (author_email,text,title,id) values (?,?,?,default)
?[0m?[0;34mHibernate: insert into quiz_answer (quiz_id,answer) values (?,?)
?[0m?[0;34mHibernate: insert into quiz_answer (quiz_id,answer) values (?,?)
?[0m?[0;34mHibernate: insert into quiz_options (quiz_id,options) values (?,?)
?[0m?[0;34mHibernate: insert into quiz_options (quiz_id,options) values (?,?)
?[0m?[0;34mHibernate: insert into quiz_options (quiz_id,options) values (?,?)
?[0m?[0;34mHibernate: insert into quiz_options (quiz_id,options) values (?,?)
?[1;31m
Start test 75?[0m
?[0m?[0;34mHibernate: select a1_0.email,a1_0.password from author a1_0 where a1_0.email=?
?[0m?[0;34mHibernate: select q1_0.id,a1_0.email,a1_0.password,q1_0.text,q1_0.title,a2_0.quiz_id,a2_0.answer from quiz q1_0 left join author a1_0 on a1_0.email=q1_0.author_email left join quiz_answer a2_0 on q1_0.id=a2_0.quiz_id where q1_0.id=?
?[0m?[0;34mHibernate: select o1_0.quiz_id,o1_0.options from quiz_options o1_0 where o1_0.quiz_id=?
?[1;31m
Start test 76?[0m
?[0m?[0;34mHibernate: select a1_0.email,a1_0.password from author a1_0 where a1_0.email=?
?[0m?[0;34mHibernate: select q1_0.id,a1_0.email,a1_0.password,q1_0.text,q1_0.title,a2_0.quiz_id,a2_0.answer from quiz q1_0 left join author a1_0 on a1_0.email=q1_0.author_email left join quiz_answer a2_0 on q1_0.id=a2_0.quiz_id where q1_0.id=?
?[1;31m
Start test 77?[0m
?[0m?[0;34mHibernate: select a1_0.email,a1_0.password from author a1_0 where a1_0.email=?
?[0m?[0;34mHibernate: select q1_0.id,a1_0.email,a1_0.password,q1_0.text,q1_0.title,a2_0.quiz_id,a2_0.answer from quiz q1_0 left join author a1_0 on a1_0.email=q1_0.author_email left join quiz_answer a2_0 on q1_0.id=a2_0.quiz_id where q1_0.id=?
?[0m?[0;34mHibernate: select o1_0.quiz_id,o1_0.options from quiz_options o1_0 where o1_0.quiz_id=?
?[1;31m
Start test 78?[0m
?[0m?[0;34mHibernate: select a1_0.email,a1_0.password from author a1_0 where a1_0.email=?
?[0m?[0;34mHibernate: select q1_0.id,a1_0.email,a1_0.password,q1_0.text,q1_0.title,a2_0.quiz_id,a2_0.answer from quiz q1_0 left join author a1_0 on a1_0.email=q1_0.author_email left join quiz_answer a2_0 on q1_0.id=a2_0.quiz_id where q1_0.id=?
?[0m?[0;34mHibernate: select o1_0.quiz_id,o1_0.options from quiz_options o1_0 where o1_0.quiz_id=?
?[1;31m
Start test 79?[0m
?[0m?[0;34mHibernate: select a1_0.email,a1_0.password from author a1_0 where a1_0.email=?
?[0m?[0;34mHibernate: select q1_0.id,a1_0.email,a1_0.password,q1_0.text,q1_0.title,a2_0.quiz_id,a2_0.answer from quiz q1_0 left join author a1_0 on a1_0.email=q1_0.author_email left join quiz_answer a2_0 on q1_0.id=a2_0.quiz_id where q1_0.id=?
?[0m?[0;34mHibernate: select o1_0.quiz_id,o1_0.options from quiz_options o1_0 where o1_0.quiz_id=?
?[1;31m
Start test 80?[0m
?[0m?[0;34mHibernate: select a1_0.email,a1_0.password from author a1_0 where a1_0.email=?
?[0m?[0;34mHibernate: select q1_0.id,a1_0.email,a1_0.password,q1_0.text,q1_0.title,a2_0.quiz_id,a2_0.answer from quiz q1_0 left join author a1_0 on a1_0.email=q1_0.author_email left join quiz_answer a2_0 on q1_0.id=a2_0.quiz_id where q1_0.id=?
?[0m?[0;34mHibernate: select o1_0.quiz_id,o1_0.options from quiz_options o1_0 where o1_0.quiz_id=?
?[1;31m
Start test 81?[0m
?[0m?[0;34mHibernate: select a1_0.email,a1_0.password from author a1_0 where a1_0.email=?
?[0m?[0;34mHibernate: select q1_0.id,a1_0.email,a1_0.password,q1_0.text,q1_0.title,a2_0.quiz_id,a2_0.answer from quiz q1_0 left join author a1_0 on a1_0.email=q1_0.author_email left join quiz_answer a2_0 on q1_0.id=a2_0.quiz_id where q1_0.id=?
?[0m?[0;34mHibernate: select o1_0.quiz_id,o1_0.options from quiz_options o1_0 where o1_0.quiz_id=?
?[1;31m
Start test 82?[0m
?[0m?[0;34mHibernate: select a1_0.email,a1_0.password from author a1_0 where a1_0.email=?
?[0m?[0;34mHibernate: select q1_0.id,a1_0.email,a1_0.password,q1_0.text,q1_0.title,a2_0.quiz_id,a2_0.answer from quiz q1_0 left join author a1_0 on a1_0.email=q1_0.author_email left join quiz_answer a2_0 on q1_0.id=a2_0.quiz_id where q1_0.id=?
?[0m?[0;34mHibernate: select o1_0.quiz_id,o1_0.options from quiz_options o1_0 where o1_0.quiz_id=?
?[1;31m
Start test 83?[0m
?[0m?[0;34mHibernate: select a1_0.email,a1_0.password from author a1_0 where a1_0.email=?
?[0m?[0;34mHibernate: select q1_0.id,a1_0.email,a1_0.password,q1_0.text,q1_0.title,a2_0.quiz_id,a2_0.answer from quiz q1_0 left join author a1_0 on a1_0.email=q1_0.author_email left join quiz_answer a2_0 on q1_0.id=a2_0.quiz_id where q1_0.id=?
?[0m?[0;34mHibernate: select o1_0.quiz_id,o1_0.options from quiz_options o1_0 where o1_0.quiz_id=?
?[1;31m
Start test 84?[0m
?[0m?[0;34mHibernate: select a1_0.email,a1_0.password from author a1_0 where a1_0.email=?
?[0m?[0;34mHibernate: select q1_0.id,a1_0.email,a1_0.password,q1_0.text,q1_0.title,a2_0.quiz_id,a2_0.answer from quiz q1_0 left join author a1_0 on a1_0.email=q1_0.author_email left join quiz_answer a2_0 on q1_0.id=a2_0.quiz_id where q1_0.id=?
?[0m?[0;34mHibernate: select o1_0.quiz_id,o1_0.options from quiz_options o1_0 where o1_0.quiz_id=?
?[1;31m
Start test 85?[0m
?[0m?[0;34mHibernate: select a1_0.email,a1_0.password from author a1_0 where a1_0.email=?
?[0m?[0;34mHibernate: select q1_0.id,a1_0.email,a1_0.password,q1_0.text,q1_0.title,a2_0.quiz_id,a2_0.answer from quiz q1_0 left join author a1_0 on a1_0.email=q1_0.author_email left join quiz_answer a2_0 on q1_0.id=a2_0.quiz_id where q1_0.id=?
?[0m?[0;34mHibernate: select o1_0.quiz_id,o1_0.options from quiz_options o1_0 where o1_0.quiz_id=?
?[1;31m
Start test 86?[0m
?[0m?[0;34mHibernate: select a1_0.email,a1_0.password from author a1_0 where a1_0.email=?
?[0m?[0;34mHibernate: select q1_0.id,a1_0.email,a1_0.password,q1_0.text,q1_0.title,a2_0.quiz_id,a2_0.answer from quiz q1_0 left join author a1_0 on a1_0.email=q1_0.author_email left join quiz_answer a2_0 on q1_0.id=a2_0.quiz_id where q1_0.id=?
?[0m?[0;34mHibernate: select o1_0.quiz_id,o1_0.options from quiz_options o1_0 where o1_0.quiz_id=?
?[1;31m
Start test 87?[0m
?[0m?[0;34mHibernate: select a1_0.email,a1_0.password from author a1_0 where a1_0.email=?
?[0m?[0;34mHibernate: select q1_0.id,a1_0.email,a1_0.password,q1_0.text,q1_0.title,a2_0.quiz_id,a2_0.answer from quiz q1_0 left join author a1_0 on a1_0.email=q1_0.author_email left join quiz_answer a2_0 on q1_0.id=a2_0.quiz_id where q1_0.id=?
?[0m?[0;34mHibernate: select o1_0.quiz_id,o1_0.options from quiz_options o1_0 where o1_0.quiz_id=?
?[1;31m
Start test 88?[0m
?[0m?[0;34mHibernate: select a1_0.email,a1_0.password from author a1_0 where a1_0.email=?
?[0m?[0;34mHibernate: select q1_0.id,a1_0.email,a1_0.password,q1_0.text,q1_0.title,a2_0.quiz_id,a2_0.answer from quiz q1_0 left join author a1_0 on a1_0.email=q1_0.author_email left join quiz_answer a2_0 on q1_0.id=a2_0.quiz_id where q1_0.id=?
?[0m?[0;34mHibernate: select o1_0.quiz_id,o1_0.options from quiz_options o1_0 where o1_0.quiz_id=?
?[1;31m
Start test 89?[0m
?[0m?[0;34mHibernate: select a1_0.email,a1_0.password from author a1_0 where a1_0.email=?
?[0m?[0;34mHibernate: select q1_0.id,a1_0.email,a1_0.password,q1_0.text,q1_0.title,a2_0.quiz_id,a2_0.answer from quiz q1_0 left join author a1_0 on a1_0.email=q1_0.author_email left join quiz_answer a2_0 on q1_0.id=a2_0.quiz_id where q1_0.id=?
?[0m?[0;34mHibernate: select o1_0.quiz_id,o1_0.options from quiz_options o1_0 where o1_0.quiz_id=?
?[1;31m
Start test 90?[0m
?[0m?[0;34mHibernate: select a1_0.email,a1_0.password from author a1_0 where a1_0.email=?
?[0m?[0;34mHibernate: select q1_0.id,a1_0.email,a1_0.password,q1_0.text,q1_0.title,a2_0.quiz_id,a2_0.answer from quiz q1_0 left join author a1_0 on a1_0.email=q1_0.author_email left join quiz_answer a2_0 on q1_0.id=a2_0.quiz_id where q1_0.id=?
?[0m?[0;34mHibernate: select o1_0.quiz_id,o1_0.options from quiz_options o1_0 where o1_0.quiz_id=?
?[1;31m
Start test 91?[0m
?[0m?[0;34mHibernate: select a1_0.email,a1_0.password from author a1_0 where a1_0.email=?
?[0m?[0;34mHibernate: select q1_0.id,a1_0.email,a1_0.password,q1_0.text,q1_0.title,a2_0.quiz_id,a2_0.answer from quiz q1_0 left join author a1_0 on a1_0.email=q1_0.author_email left join quiz_answer a2_0 on q1_0.id=a2_0.quiz_id where q1_0.id=?
?[0m?[0;34mHibernate: select o1_0.quiz_id,o1_0.options from quiz_options o1_0 where o1_0.quiz_id=?
?[1;31m
Start test 92?[0m
?[0m?[0;34mHibernate: select a1_0.email,a1_0.password from author a1_0 where a1_0.email=?
?[0m?[0;34mHibernate: select null,a1_0.password from author a1_0 where a1_0.email=?
?[0m?[0;34mHibernate: insert into quiz (author_email,text,title,id) values (?,?,?,default)
?[0m?[0;34mHibernate: insert into quiz_options (quiz_id,options) values (?,?)
?[0m?[0;34mHibernate: insert into quiz_options (quiz_id,options) values (?,?)
?[0m?[0;34mHibernate: insert into quiz_options (quiz_id,options) values (?,?)
?[0m?[0;34mHibernate: insert into quiz_options (quiz_id,options) values (?,?)
?[1;31m
Start test 93?[0m
?[0m?[0;34mHibernate: select a1_0.email,a1_0.password from author a1_0 where a1_0.email=?
?[0m?[0;34mHibernate: select q1_0.id,a1_0.email,a1_0.password,q1_0.text,q1_0.title,a2_0.quiz_id,a2_0.answer from quiz q1_0 left join author a1_0 on a1_0.email=q1_0.author_email left join quiz_answer a2_0 on q1_0.id=a2_0.quiz_id where q1_0.id=?
?[0m?[0;34mHibernate: select o1_0.quiz_id,o1_0.options from quiz_options o1_0 where o1_0.quiz_id=?
?[1;31m
Start test 94?[0m
?[0m?[0;34mHibernate: select a1_0.email,a1_0.password from author a1_0 where a1_0.email=?
?[0m?[0;34mHibernate: select q1_0.id,a1_0.email,a1_0.password,q1_0.text,q1_0.title,a2_0.quiz_id,a2_0.answer from quiz q1_0 left join author a1_0 on a1_0.email=q1_0.author_email left join quiz_answer a2_0 on q1_0.id=a2_0.quiz_id where q1_0.id=?
?[1;31m
Start test 95?[0m
?[0m?[0;34mHibernate: select a1_0.email,a1_0.password from author a1_0 where a1_0.email=?
?[0m?[0;34mHibernate: select q1_0.id,a1_0.email,a1_0.password,q1_0.text,q1_0.title,a2_0.quiz_id,a2_0.answer from quiz q1_0 left join author a1_0 on a1_0.email=q1_0.author_email left join quiz_answer a2_0 on q1_0.id=a2_0.quiz_id where q1_0.id=?
?[0m?[0;34mHibernate: select o1_0.quiz_id,o1_0.options from quiz_options o1_0 where o1_0.quiz_id=?
?[1;31m
Start test 96?[0m
?[0m?[0;34mHibernate: select a1_0.email,a1_0.password from author a1_0 where a1_0.email=?
?[0m?[0;34mHibernate: select q1_0.id,a1_0.email,a1_0.password,q1_0.text,q1_0.title,a2_0.quiz_id,a2_0.answer from quiz q1_0 left join author a1_0 on a1_0.email=q1_0.author_email left join quiz_answer a2_0 on q1_0.id=a2_0.quiz_id where q1_0.id=?
?[0m?[0;34mHibernate: select o1_0.quiz_id,o1_0.options from quiz_options o1_0 where o1_0.quiz_id=?
?[1;31m
Start test 97?[0m
?[0m?[0;34mHibernate: select a1_0.email,a1_0.password from author a1_0 where a1_0.email=?
?[0m?[0;34mHibernate: select q1_0.id,a1_0.email,a1_0.password,q1_0.text,q1_0.title,a2_0.quiz_id,a2_0.answer from quiz q1_0 left join author a1_0 on a1_0.email=q1_0.author_email left join quiz_answer a2_0 on q1_0.id=a2_0.quiz_id where q1_0.id=?
?[0m?[0;34mHibernate: select o1_0.quiz_id,o1_0.options from quiz_options o1_0 where o1_0.quiz_id=?
?[1;31m
Start test 98?[0m
?[0m?[0;34mHibernate: select a1_0.email,a1_0.password from author a1_0 where a1_0.email=?
?[0m?[0;34mHibernate: select q1_0.id,a1_0.email,a1_0.password,q1_0.text,q1_0.title,a2_0.quiz_id,a2_0.answer from quiz q1_0 left join author a1_0 on a1_0.email=q1_0.author_email left join quiz_answer a2_0 on q1_0.id=a2_0.quiz_id where q1_0.id=?
?[0m?[0;34mHibernate: select o1_0.quiz_id,o1_0.options from quiz_options o1_0 where o1_0.quiz_id=?
?[1;31m
Start test 99?[0m
?[0m?[0;34mHibernate: select a1_0.email,a1_0.password from author a1_0 where a1_0.email=?
?[0m?[0;34mHibernate: select q1_0.id,a1_0.email,a1_0.password,q1_0.text,q1_0.title,a2_0.quiz_id,a2_0.answer from quiz q1_0 left join author a1_0 on a1_0.email=q1_0.author_email left join quiz_answer a2_0 on q1_0.id=a2_0.quiz_id where q1_0.id=?
?[0m?[0;34mHibernate: select o1_0.quiz_id,o1_0.options from quiz_options o1_0 where o1_0.quiz_id=?
?[1;31m
Start test 100?[0m
?[0m?[0;34mHibernate: select a1_0.email,a1_0.password from author a1_0 where a1_0.email=?
?[0m?[0;34mHibernate: select q1_0.id,a1_0.email,a1_0.password,q1_0.text,q1_0.title,a2_0.quiz_id,a2_0.answer from quiz q1_0 left join author a1_0 on a1_0.email=q1_0.author_email left join quiz_answer a2_0 on q1_0.id=a2_0.quiz_id where q1_0.id=?
?[0m?[0;34mHibernate: select o1_0.quiz_id,o1_0.options from quiz_options o1_0 where o1_0.quiz_id=?
?[1;31m
Start test 101?[0m
?[0m?[0;34mHibernate: select a1_0.email,a1_0.password from author a1_0 where a1_0.email=?
?[0m?[0;34mHibernate: select q1_0.id,a1_0.email,a1_0.password,q1_0.text,q1_0.title,a2_0.quiz_id,a2_0.answer from quiz q1_0 left join author a1_0 on a1_0.email=q1_0.author_email left join quiz_answer a2_0 on q1_0.id=a2_0.quiz_id where q1_0.id=?
?[0m?[0;34mHibernate: select o1_0.quiz_id,o1_0.options from quiz_options o1_0 where o1_0.quiz_id=?
?[1;31m
Start test 102?[0m
?[0m?[0;34mHibernate: select a1_0.email,a1_0.password from author a1_0 where a1_0.email=?
?[0m?[0;34mHibernate: select q1_0.id,a1_0.email,a1_0.password,q1_0.text,q1_0.title,a2_0.quiz_id,a2_0.answer from quiz q1_0 left join author a1_0 on a1_0.email=q1_0.author_email left join quiz_answer a2_0 on q1_0.id=a2_0.quiz_id where q1_0.id=?
?[0m?[0;34mHibernate: select o1_0.quiz_id,o1_0.options from quiz_options o1_0 where o1_0.quiz_id=?
?[1;31m
Start test 103?[0m
?[0m?[0;34mHibernate: select a1_0.email,a1_0.password from author a1_0 where a1_0.email=?
?[0m?[0;34mHibernate: select q1_0.id,a1_0.email,a1_0.password,q1_0.text,q1_0.title,a2_0.quiz_id,a2_0.answer from quiz q1_0 left join author a1_0 on a1_0.email=q1_0.author_email left join quiz_answer a2_0 on q1_0.id=a2_0.quiz_id where q1_0.id=?
?[0m?[0;34mHibernate: select o1_0.quiz_id,o1_0.options from quiz_options o1_0 where o1_0.quiz_id=?
?[1;31m
Start test 104?[0m
?[0m?[0;34mHibernate: select a1_0.email,a1_0.password from author a1_0 where a1_0.email=?
?[0m?[0;34mHibernate: select q1_0.id,a1_0.email,a1_0.password,q1_0.text,q1_0.title,a2_0.quiz_id,a2_0.answer from quiz q1_0 left join author a1_0 on a1_0.email=q1_0.author_email left join quiz_answer a2_0 on q1_0.id=a2_0.quiz_id where q1_0.id=?
?[0m?[0;34mHibernate: select o1_0.quiz_id,o1_0.options from quiz_options o1_0 where o1_0.quiz_id=?
?[1;31m
Start test 105?[0m
?[0m?[0;34mHibernate: select a1_0.email,a1_0.password from author a1_0 where a1_0.email=?
?[0m?[0;34mHibernate: select q1_0.id,a1_0.email,a1_0.password,q1_0.text,q1_0.title,a2_0.quiz_id,a2_0.answer from quiz q1_0 left join author a1_0 on a1_0.email=q1_0.author_email left join quiz_answer a2_0 on q1_0.id=a2_0.quiz_id where q1_0.id=?
?[0m?[0;34mHibernate: select o1_0.quiz_id,o1_0.options from quiz_options o1_0 where o1_0.quiz_id=?
?[1;31m
Start test 106?[0m
?[0m?[0;34mHibernate: select a1_0.email,a1_0.password from author a1_0 where a1_0.email=?
?[0m?[0;34mHibernate: select q1_0.id,a1_0.email,a1_0.password,q1_0.text,q1_0.title,a2_0.quiz_id,a2_0.answer from quiz q1_0 left join author a1_0 on a1_0.email=q1_0.author_email left join quiz_answer a2_0 on q1_0.id=a2_0.quiz_id where q1_0.id=?
?[0m?[0;34mHibernate: select o1_0.quiz_id,o1_0.options from quiz_options o1_0 where o1_0.quiz_id=?
?[1;31m
Start test 107?[0m
?[0m?[0;34mHibernate: select a1_0.email,a1_0.password from author a1_0 where a1_0.email=?
?[0m?[0;34mHibernate: select q1_0.id,a1_0.email,a1_0.password,q1_0.text,q1_0.title,a2_0.quiz_id,a2_0.answer from quiz q1_0 left join author a1_0 on a1_0.email=q1_0.author_email left join quiz_answer a2_0 on q1_0.id=a2_0.quiz_id where q1_0.id=?
?[0m?[0;34mHibernate: select o1_0.quiz_id,o1_0.options from quiz_options o1_0 where o1_0.quiz_id=?
?[1;31m
Start test 108?[0m
?[0m?[0;34mHibernate: select a1_0.email,a1_0.password from author a1_0 where a1_0.email=?
?[0m?[0;34mHibernate: select q1_0.id,a1_0.email,a1_0.password,q1_0.text,q1_0.title,a2_0.quiz_id,a2_0.answer from quiz q1_0 left join author a1_0 on a1_0.email=q1_0.author_email left join quiz_answer a2_0 on q1_0.id=a2_0.quiz_id where q1_0.id=?
?[0m?[0;34mHibernate: select o1_0.quiz_id,o1_0.options from quiz_options o1_0 where o1_0.quiz_id=?
?[1;31m
Start test 109?[0m
?[0m?[0;34mHibernate: select a1_0.email,a1_0.password from author a1_0 where a1_0.email=?
?[0m?[0;34mHibernate: select q1_0.id,a1_0.email,a1_0.password,q1_0.text,q1_0.title,a2_0.quiz_id,a2_0.answer from quiz q1_0 left join author a1_0 on a1_0.email=q1_0.author_email left join quiz_answer a2_0 on q1_0.id=a2_0.quiz_id where q1_0.id=?
?[0m?[0;34mHibernate: select o1_0.quiz_id,o1_0.options from quiz_options o1_0 where o1_0.quiz_id=?
?[1;31m
Start test 110?[0m
?[0m?[0;34mHibernate: select a1_0.email,a1_0.password from author a1_0 where a1_0.email=?
?[0m?[0;34mHibernate: select null,a1_0.password from author a1_0 where a1_0.email=?
?[0m?[0;34mHibernate: insert into quiz (author_email,text,title,id) values (?,?,?,default)
?[0m?[0;34mHibernate: insert into quiz_options (quiz_id,options) values (?,?)
?[0m?[0;34mHibernate: insert into quiz_options (quiz_id,options) values (?,?)
?[0m?[0;34mHibernate: insert into quiz_options (quiz_id,options) values (?,?)
?[0m?[0;34mHibernate: insert into quiz_options (quiz_id,options) values (?,?)
?[1;31m
Start test 111?[0m
?[0m?[0;34mHibernate: select a1_0.email,a1_0.password from author a1_0 where a1_0.email=?
?[0m?[0;34mHibernate: select q1_0.id,a1_0.email,a1_0.password,q1_0.text,q1_0.title,a2_0.quiz_id,a2_0.answer from quiz q1_0 left join author a1_0 on a1_0.email=q1_0.author_email left join quiz_answer a2_0 on q1_0.id=a2_0.quiz_id where q1_0.id=?
?[0m?[0;34mHibernate: select o1_0.quiz_id,o1_0.options from quiz_options o1_0 where o1_0.quiz_id=?
?[1;31m
Start test 112?[0m
?[0m?[0;34mHibernate: select a1_0.email,a1_0.password from author a1_0 where a1_0.email=?
?[0m?[0;34mHibernate: select q1_0.id,a1_0.email,a1_0.password,q1_0.text,q1_0.title,a2_0.quiz_id,a2_0.answer from quiz q1_0 left join author a1_0 on a1_0.email=q1_0.author_email left join quiz_answer a2_0 on q1_0.id=a2_0.quiz_id where q1_0.id=?
?[1;31m
Start test 113?[0m
?[0m?[0;34mHibernate: select a1_0.email,a1_0.password from author a1_0 where a1_0.email=?
?[0m?[0;34mHibernate: select q1_0.id,a1_0.email,a1_0.password,q1_0.text,q1_0.title,a2_0.quiz_id,a2_0.answer from quiz q1_0 left join author a1_0 on a1_0.email=q1_0.author_email left join quiz_answer a2_0 on q1_0.id=a2_0.quiz_id where q1_0.id=?
?[0m?[0;34mHibernate: select o1_0.quiz_id,o1_0.options from quiz_options o1_0 where o1_0.quiz_id=?
?[1;31m
Start test 114?[0m
?[0m?[0;34mHibernate: select a1_0.email,a1_0.password from author a1_0 where a1_0.email=?
?[0m?[0;34mHibernate: select q1_0.id,a1_0.email,a1_0.password,q1_0.text,q1_0.title,a2_0.quiz_id,a2_0.answer from quiz q1_0 left join author a1_0 on a1_0.email=q1_0.author_email left join quiz_answer a2_0 on q1_0.id=a2_0.quiz_id where q1_0.id=?
?[0m?[0;34mHibernate: select o1_0.quiz_id,o1_0.options from quiz_options o1_0 where o1_0.quiz_id=?
?[1;31m
Start test 115?[0m
?[0m?[0;34mHibernate: select a1_0.email,a1_0.password from author a1_0 where a1_0.email=?
?[0m?[0;34mHibernate: select q1_0.id,a1_0.email,a1_0.password,q1_0.text,q1_0.title,a2_0.quiz_id,a2_0.answer from quiz q1_0 left join author a1_0 on a1_0.email=q1_0.author_email left join quiz_answer a2_0 on q1_0.id=a2_0.quiz_id where q1_0.id=?
?[0m?[0;34mHibernate: select o1_0.quiz_id,o1_0.options from quiz_options o1_0 where o1_0.quiz_id=?
?[1;31m
Start test 116?[0m
?[0m?[0;34mHibernate: select a1_0.email,a1_0.password from author a1_0 where a1_0.email=?
?[0m?[0;34mHibernate: select q1_0.id,a1_0.email,a1_0.password,q1_0.text,q1_0.title,a2_0.quiz_id,a2_0.answer from quiz q1_0 left join author a1_0 on a1_0.email=q1_0.author_email left join quiz_answer a2_0 on q1_0.id=a2_0.quiz_id where q1_0.id=?
?[0m?[0;34mHibernate: select o1_0.quiz_id,o1_0.options from quiz_options o1_0 where o1_0.quiz_id=?
?[1;31m
Start test 117?[0m
?[0m?[0;34mHibernate: select a1_0.email,a1_0.password from author a1_0 where a1_0.email=?
?[0m?[0;34mHibernate: select q1_0.id,a1_0.email,a1_0.password,q1_0.text,q1_0.title,a2_0.quiz_id,a2_0.answer from quiz q1_0 left join author a1_0 on a1_0.email=q1_0.author_email left join quiz_answer a2_0 on q1_0.id=a2_0.quiz_id where q1_0.id=?
?[0m?[0;34mHibernate: select o1_0.quiz_id,o1_0.options from quiz_options o1_0 where o1_0.quiz_id=?
?[1;31m
Start test 118?[0m
?[0m?[0;34mHibernate: select a1_0.email,a1_0.password from author a1_0 where a1_0.email=?
?[0m?[0;34mHibernate: select q1_0.id,a1_0.email,a1_0.password,q1_0.text,q1_0.title,a2_0.quiz_id,a2_0.answer from quiz q1_0 left join author a1_0 on a1_0.email=q1_0.author_email left join quiz_answer a2_0 on q1_0.id=a2_0.quiz_id where q1_0.id=?
?[0m?[0;34mHibernate: select o1_0.quiz_id,o1_0.options from quiz_options o1_0 where o1_0.quiz_id=?
?[1;31m
Start test 119?[0m
?[0m?[0;34mHibernate: select a1_0.email,a1_0.password from author a1_0 where a1_0.email=?
?[0m?[0;34mHibernate: select q1_0.id,a1_0.email,a1_0.password,q1_0.text,q1_0.title,a2_0.quiz_id,a2_0.answer from quiz q1_0 left join author a1_0 on a1_0.email=q1_0.author_email left join quiz_answer a2_0 on q1_0.id=a2_0.quiz_id where q1_0.id=?
?[0m?[0;34mHibernate: select o1_0.quiz_id,o1_0.options from quiz_options o1_0 where o1_0.quiz_id=?
?[1;31m
Start test 120?[0m
?[0m?[0;34mHibernate: select a1_0.email,a1_0.password from author a1_0 where a1_0.email=?
?[0m?[0;34mHibernate: select q1_0.id,a1_0.email,a1_0.password,q1_0.text,q1_0.title,a2_0.quiz_id,a2_0.answer from quiz q1_0 left join author a1_0 on a1_0.email=q1_0.author_email left join quiz_answer a2_0 on q1_0.id=a2_0.quiz_id where q1_0.id=?
?[0m?[0;34mHibernate: select o1_0.quiz_id,o1_0.options from quiz_options o1_0 where o1_0.quiz_id=?
?[1;31m
Start test 121?[0m
?[0m?[0;34mHibernate: select a1_0.email,a1_0.password from author a1_0 where a1_0.email=?
?[0m?[0;34mHibernate: select q1_0.id,a1_0.email,a1_0.password,q1_0.text,q1_0.title,a2_0.quiz_id,a2_0.answer from quiz q1_0 left join author a1_0 on a1_0.email=q1_0.author_email left join quiz_answer a2_0 on q1_0.id=a2_0.quiz_id where q1_0.id=?
?[0m?[0;34mHibernate: select o1_0.quiz_id,o1_0.options from quiz_options o1_0 where o1_0.quiz_id=?
?[1;31m
Start test 122?[0m
?[0m?[0;34mHibernate: select a1_0.email,a1_0.password from author a1_0 where a1_0.email=?
?[0m?[0;34mHibernate: select q1_0.id,a1_0.email,a1_0.password,q1_0.text,q1_0.title,a2_0.quiz_id,a2_0.answer from quiz q1_0 left join author a1_0 on a1_0.email=q1_0.author_email left join quiz_answer a2_0 on q1_0.id=a2_0.quiz_id where q1_0.id=?
?[0m?[0;34mHibernate: select o1_0.quiz_id,o1_0.options from quiz_options o1_0 where o1_0.quiz_id=?
?[1;31m
Start test 123?[0m
?[0m?[0;34mHibernate: select a1_0.email,a1_0.password from author a1_0 where a1_0.email=?
?[0m?[0;34mHibernate: select q1_0.id,a1_0.email,a1_0.password,q1_0.text,q1_0.title,a2_0.quiz_id,a2_0.answer from quiz q1_0 left join author a1_0 on a1_0.email=q1_0.author_email left join quiz_answer a2_0 on q1_0.id=a2_0.quiz_id where q1_0.id=?
?[0m?[0;34mHibernate: select o1_0.quiz_id,o1_0.options from quiz_options o1_0 where o1_0.quiz_id=?
?[1;31m
Start test 124?[0m
?[0m?[0;34mHibernate: select a1_0.email,a1_0.password from author a1_0 where a1_0.email=?
?[0m?[0;34mHibernate: select q1_0.id,a1_0.email,a1_0.password,q1_0.text,q1_0.title,a2_0.quiz_id,a2_0.answer from quiz q1_0 left join author a1_0 on a1_0.email=q1_0.author_email left join quiz_answer a2_0 on q1_0.id=a2_0.quiz_id where q1_0.id=?
?[0m?[0;34mHibernate: select o1_0.quiz_id,o1_0.options from quiz_options o1_0 where o1_0.quiz_id=?
?[1;31m
Start test 125?[0m
?[0m?[0;34mHibernate: select a1_0.email,a1_0.password from author a1_0 where a1_0.email=?
?[0m?[0;34mHibernate: select q1_0.id,a1_0.email,a1_0.password,q1_0.text,q1_0.title,a2_0.quiz_id,a2_0.answer from quiz q1_0 left join author a1_0 on a1_0.email=q1_0.author_email left join quiz_answer a2_0 on q1_0.id=a2_0.quiz_id where q1_0.id=?
?[0m?[0;34mHibernate: select o1_0.quiz_id,o1_0.options from quiz_options o1_0 where o1_0.quiz_id=?
?[1;31m
Start test 126?[0m
?[0m?[0;34mHibernate: select a1_0.email,a1_0.password from author a1_0 where a1_0.email=?
?[0m?[0;34mHibernate: select q1_0.id,a1_0.email,a1_0.password,q1_0.text,q1_0.title,a2_0.quiz_id,a2_0.answer from quiz q1_0 left join author a1_0 on a1_0.email=q1_0.author_email left join quiz_answer a2_0 on q1_0.id=a2_0.quiz_id where q1_0.id=?
?[0m?[0;34mHibernate: select o1_0.quiz_id,o1_0.options from quiz_options o1_0 where o1_0.quiz_id=?
?[1;31m
Start test 127?[0m
?[0m?[0;34mHibernate: select a1_0.email,a1_0.password from author a1_0 where a1_0.email=?
?[0m?[0;34mHibernate: select q1_0.id,a1_0.email,a1_0.password,q1_0.text,q1_0.title,a2_0.quiz_id,a2_0.answer from quiz q1_0 left join author a1_0 on a1_0.email=q1_0.author_email left join quiz_answer a2_0 on q1_0.id=a2_0.quiz_id where q1_0.id=?
?[0m?[0;34mHibernate: select o1_0.quiz_id,o1_0.options from quiz_options o1_0 where o1_0.quiz_id=?
?[1;31m
Start test 128?[0m
?[0m?[0;34mHibernate: select a1_0.email,a1_0.password from author a1_0 where a1_0.email=?
?[0m?[0;34mHibernate: select null,a1_0.password from author a1_0 where a1_0.email=?
?[0m?[0;34mHibernate: insert into quiz (author_email,text,title,id) values (?,?,?,default)
?[0m?[0;34mHibernate: insert into quiz_answer (quiz_id,answer) values (?,?)
?[0m?[0;34mHibernate: insert into quiz_answer (quiz_id,answer) values (?,?)
?[0m?[0;34mHibernate: insert into quiz_answer (quiz_id,answer) values (?,?)
?[0m?[0;34mHibernate: insert into quiz_options (quiz_id,options) values (?,?)
?[0m?[0;34mHibernate: insert into quiz_options (quiz_id,options) values (?,?)
?[0m?[0;34mHibernate: insert into quiz_options (quiz_id,options) values (?,?)
?[0m?[0;34mHibernate: insert into quiz_options (quiz_id,options) values (?,?)
?[1;31m
Start test 129?[0m
?[0m?[0;34mHibernate: select a1_0.email,a1_0.password from author a1_0 where a1_0.email=?
?[0m?[0;34mHibernate: select q1_0.id,a1_0.email,a1_0.password,q1_0.text,q1_0.title,a2_0.quiz_id,a2_0.answer from quiz q1_0 left join author a1_0 on a1_0.email=q1_0.author_email left join quiz_answer a2_0 on q1_0.id=a2_0.quiz_id where q1_0.id=?
?[0m?[0;34mHibernate: select o1_0.quiz_id,o1_0.options from quiz_options o1_0 where o1_0.quiz_id=?
?[1;31m
Start test 130?[0m
?[0m?[0;34mHibernate: select a1_0.email,a1_0.password from author a1_0 where a1_0.email=?
?[0m?[0;34mHibernate: select q1_0.id,a1_0.email,a1_0.password,q1_0.text,q1_0.title,a2_0.quiz_id,a2_0.answer from quiz q1_0 left join author a1_0 on a1_0.email=q1_0.author_email left join quiz_answer a2_0 on q1_0.id=a2_0.quiz_id where q1_0.id=?
?[1;31m
Start test 131?[0m
?[0m?[0;34mHibernate: select a1_0.email,a1_0.password from author a1_0 where a1_0.email=?
?[0m?[0;34mHibernate: select q1_0.id,a1_0.email,a1_0.password,q1_0.text,q1_0.title,a2_0.quiz_id,a2_0.answer from quiz q1_0 left join author a1_0 on a1_0.email=q1_0.author_email left join quiz_answer a2_0 on q1_0.id=a2_0.quiz_id where q1_0.id=?
?[0m?[0;34mHibernate: select o1_0.quiz_id,o1_0.options from quiz_options o1_0 where o1_0.quiz_id=?
?[1;31m
Start test 132?[0m
?[0m?[0;34mHibernate: select a1_0.email,a1_0.password from author a1_0 where a1_0.email=?
?[0m?[0;34mHibernate: select q1_0.id,a1_0.email,a1_0.password,q1_0.text,q1_0.title,a2_0.quiz_id,a2_0.answer from quiz q1_0 left join author a1_0 on a1_0.email=q1_0.author_email left join quiz_answer a2_0 on q1_0.id=a2_0.quiz_id where q1_0.id=?
?[0m?[0;34mHibernate: select o1_0.quiz_id,o1_0.options from quiz_options o1_0 where o1_0.quiz_id=?
?[1;31m
Start test 133?[0m
?[0m?[0;34mHibernate: select a1_0.email,a1_0.password from author a1_0 where a1_0.email=?
?[0m?[0;34mHibernate: select q1_0.id,a1_0.email,a1_0.password,q1_0.text,q1_0.title,a2_0.quiz_id,a2_0.answer from quiz q1_0 left join author a1_0 on a1_0.email=q1_0.author_email left join quiz_answer a2_0 on q1_0.id=a2_0.quiz_id where q1_0.id=?
?[0m?[0;34mHibernate: select o1_0.quiz_id,o1_0.options from quiz_options o1_0 where o1_0.quiz_id=?
?[1;31m
Start test 134?[0m
?[0m?[0;34mHibernate: select a1_0.email,a1_0.password from author a1_0 where a1_0.email=?
?[0m?[0;34mHibernate: select q1_0.id,a1_0.email,a1_0.password,q1_0.text,q1_0.title,a2_0.quiz_id,a2_0.answer from quiz q1_0 left join author a1_0 on a1_0.email=q1_0.author_email left join quiz_answer a2_0 on q1_0.id=a2_0.quiz_id where q1_0.id=?
?[0m?[0;34mHibernate: select o1_0.quiz_id,o1_0.options from quiz_options o1_0 where o1_0.quiz_id=?
?[1;31m
Start test 135?[0m
?[0m?[0;34mHibernate: select a1_0.email,a1_0.password from author a1_0 where a1_0.email=?
?[0m?[0;34mHibernate: select q1_0.id,a1_0.email,a1_0.password,q1_0.text,q1_0.title,a2_0.quiz_id,a2_0.answer from quiz q1_0 left join author a1_0 on a1_0.email=q1_0.author_email left join quiz_answer a2_0 on q1_0.id=a2_0.quiz_id where q1_0.id=?
?[0m?[0;34mHibernate: select o1_0.quiz_id,o1_0.options from quiz_options o1_0 where o1_0.quiz_id=?
?[1;31m
Start test 136?[0m
?[0m?[0;34mHibernate: select a1_0.email,a1_0.password from author a1_0 where a1_0.email=?
?[0m?[0;34mHibernate: select q1_0.id,a1_0.email,a1_0.password,q1_0.text,q1_0.title,a2_0.quiz_id,a2_0.answer from quiz q1_0 left join author a1_0 on a1_0.email=q1_0.author_email left join quiz_answer a2_0 on q1_0.id=a2_0.quiz_id where q1_0.id=?
?[0m?[0;34mHibernate: select o1_0.quiz_id,o1_0.options from quiz_options o1_0 where o1_0.quiz_id=?
?[1;31m
Start test 137?[0m
?[0m?[0;34mHibernate: select a1_0.email,a1_0.password from author a1_0 where a1_0.email=?
?[0m?[0;34mHibernate: select q1_0.id,a1_0.email,a1_0.password,q1_0.text,q1_0.title,a2_0.quiz_id,a2_0.answer from quiz q1_0 left join author a1_0 on a1_0.email=q1_0.author_email left join quiz_answer a2_0 on q1_0.id=a2_0.quiz_id where q1_0.id=?
?[0m?[0;34mHibernate: select o1_0.quiz_id,o1_0.options from quiz_options o1_0 where o1_0.quiz_id=?
?[1;31m
Start test 138?[0m
?[0m?[0;34mHibernate: select a1_0.email,a1_0.password from author a1_0 where a1_0.email=?
?[0m?[0;34mHibernate: select q1_0.id,a1_0.email,a1_0.password,q1_0.text,q1_0.title,a2_0.quiz_id,a2_0.answer from quiz q1_0 left join author a1_0 on a1_0.email=q1_0.author_email left join quiz_answer a2_0 on q1_0.id=a2_0.quiz_id where q1_0.id=?
?[0m?[0;34mHibernate: select o1_0.quiz_id,o1_0.options from quiz_options o1_0 where o1_0.quiz_id=?
?[1;31m
Start test 139?[0m
?[0m?[0;34mHibernate: select a1_0.email,a1_0.password from author a1_0 where a1_0.email=?
?[0m?[0;34mHibernate: select q1_0.id,a1_0.email,a1_0.password,q1_0.text,q1_0.title,a2_0.quiz_id,a2_0.answer from quiz q1_0 left join author a1_0 on a1_0.email=q1_0.author_email left join quiz_answer a2_0 on q1_0.id=a2_0.quiz_id where q1_0.id=?
?[0m?[0;34mHibernate: select o1_0.quiz_id,o1_0.options from quiz_options o1_0 where o1_0.quiz_id=?
?[1;31m
Start test 140?[0m
?[0m?[0;34mHibernate: select a1_0.email,a1_0.password from author a1_0 where a1_0.email=?
?[0m?[0;34mHibernate: select q1_0.id,a1_0.email,a1_0.password,q1_0.text,q1_0.title,a2_0.quiz_id,a2_0.answer from quiz q1_0 left join author a1_0 on a1_0.email=q1_0.author_email left join quiz_answer a2_0 on q1_0.id=a2_0.quiz_id where q1_0.id=?
?[0m?[0;34mHibernate: select o1_0.quiz_id,o1_0.options from quiz_options o1_0 where o1_0.quiz_id=?
?[1;31m
Start test 141?[0m
?[0m?[0;34mHibernate: select a1_0.email,a1_0.password from author a1_0 where a1_0.email=?
?[0m?[0;34mHibernate: select q1_0.id,a1_0.email,a1_0.password,q1_0.text,q1_0.title,a2_0.quiz_id,a2_0.answer from quiz q1_0 left join author a1_0 on a1_0.email=q1_0.author_email left join quiz_answer a2_0 on q1_0.id=a2_0.quiz_id where q1_0.id=?
?[0m?[0;34mHibernate: select o1_0.quiz_id,o1_0.options from quiz_options o1_0 where o1_0.quiz_id=?
?[1;31m
Start test 142?[0m
?[0;34mHibernate: select a1_0.email,a1_0.password from author a1_0 where a1_0.email=?
?[0m?[0;34mHibernate: select q1_0.id,a1_0.email,a1_0.password,q1_0.text,q1_0.title,a2_0.quiz_id,a2_0.answer from quiz q1_0 left join author a1_0 on a1_0.email=q1_0.author_email left join quiz_answer a2_0 on q1_0.id=a2_0.quiz_id where q1_0.id=?
?[0m?[0;34mHibernate: select o1_0.quiz_id,o1_0.options from quiz_options o1_0 where o1_0.quiz_id=?
?[1;31m
Start test 143?[0m
?[0;34mHibernate: select a1_0.email,a1_0.password from author a1_0 where a1_0.email=?
?[0m?[0;34mHibernate: select q1_0.id,a1_0.email,a1_0.password,q1_0.text,q1_0.title,a2_0.quiz_id,a2_0.answer from quiz q1_0 left join author a1_0 on a1_0.email=q1_0.author_email left join quiz_answer a2_0 on q1_0.id=a2_0.quiz_id where q1_0.id=?
?[0m?[0;34mHibernate: select o1_0.quiz_id,o1_0.options from quiz_options o1_0 where o1_0.quiz_id=?
?[1;31m
Start test 144?[0m
?[0m?[0;34mHibernate: select a1_0.email,a1_0.password from author a1_0 where a1_0.email=?
?[0m?[0;34mHibernate: select q1_0.id,a1_0.email,a1_0.password,q1_0.text,q1_0.title,a2_0.quiz_id,a2_0.answer from quiz q1_0 left join author a1_0 on a1_0.email=q1_0.author_email left join quiz_answer a2_0 on q1_0.id=a2_0.quiz_id where q1_0.id=?
?[0m?[0;34mHibernate: select o1_0.quiz_id,o1_0.options from quiz_options o1_0 where o1_0.quiz_id=?
?[1;31m
Start test 145?[0m
?[0m?[0;34mHibernate: select a1_0.email,a1_0.password from author a1_0 where a1_0.email=?
?[0m?[0;34mHibernate: select q1_0.id,a1_0.email,a1_0.password,q1_0.text,q1_0.title,a2_0.quiz_id,a2_0.answer from quiz q1_0 left join author a1_0 on a1_0.email=q1_0.author_email left join quiz_answer a2_0 on q1_0.id=a2_0.quiz_id where q1_0.id=?
?[0m?[0;34mHibernate: select o1_0.quiz_id,o1_0.options from quiz_options o1_0 where o1_0.quiz_id=?
?[1;31m
Start test 146?[0m
?[0m?[0;34mHibernate: select a1_0.email,a1_0.password from author a1_0 where a1_0.email=?
?[0m?[0;34mHibernate: select q1_0.id,q1_0.author_email,q1_0.text,q1_0.title from quiz q1_0
?[0m?[0;34mHibernate: select a1_0.email,a1_0.password from author a1_0 where a1_0.email=?
?[0m?[0;34mHibernate: select a1_0.email,a1_0.password from author a1_0 where a1_0.email=?
?[0m?[0;34mHibernate: select o1_0.quiz_id,o1_0.options from quiz_options o1_0 where o1_0.quiz_id=?
?[0m?[0;34mHibernate: select a1_0.quiz_id,a1_0.answer from quiz_answer a1_0 where a1_0.quiz_id=?
?[0m?[0;34mHibernate: select o1_0.quiz_id,o1_0.options from quiz_options o1_0 where o1_0.quiz_id=?
?[0m?[0;34mHibernate: select a1_0.quiz_id,a1_0.answer from quiz_answer a1_0 where a1_0.quiz_id=?
?[0m?[0;34mHibernate: select o1_0.quiz_id,o1_0.options from quiz_options o1_0 where o1_0.quiz_id=?
?[0m?[0;34mHibernate: select a1_0.quiz_id,a1_0.answer from quiz_answer a1_0 where a1_0.quiz_id=?
?[0m?[0;34mHibernate: select o1_0.quiz_id,o1_0.options from quiz_options o1_0 where o1_0.quiz_id=?
?[0m?[0;34mHibernate: select a1_0.quiz_id,a1_0.answer from quiz_answer a1_0 where a1_0.quiz_id=?
?[0m?[0;34mHibernate: select o1_0.quiz_id,o1_0.options from quiz_options o1_0 where o1_0.quiz_id=?
?[0m?[0;34mHibernate: select a1_0.quiz_id,a1_0.answer from quiz_answer a1_0 where a1_0.quiz_id=?
?[0m?[0;34mHibernate: select o1_0.quiz_id,o1_0.options from quiz_options o1_0 where o1_0.quiz_id=?
?[0m?[0;34mHibernate: select a1_0.quiz_id,a1_0.answer from quiz_answer a1_0 where a1_0.quiz_id=?
?[0m?[0;34mHibernate: select o1_0.quiz_id,o1_0.options from quiz_options o1_0 where o1_0.quiz_id=?
?[0m?[0;34mHibernate: select a1_0.quiz_id,a1_0.answer from quiz_answer a1_0 where a1_0.quiz_id=?
?[1;31m
Start test 147?[0m
?[0;34m2026-04-23T19:02:39.593+07:00  INFO 80245 --- [       Thread-9] o.s.b.w.e.tomcat.GracefulShutdown        : Commencing graceful shutdown. Waiting for active requests to complete
?[0;34m2026-04-23T19:02:41.602+07:00  INFO 80245 --- [tomcat-shutdown] o.s.b.w.e.tomcat.GracefulShutdown        : Graceful shutdown complete
?[0;34m2026-04-23T19:02:41.602+07:00 ERROR 80245 --- [o-8080-Acceptor] org.apache.tomcat.util.net.Acceptor      : Socket accept failed
?[0m?[0;34m
?[0m?[0;34mjava.nio.channels.AsynchronousCloseException
?[0m?[0;34m	at java.base/java.nio.channels.spi.AbstractInterruptibleChannel.end(AbstractInterruptibleChannel.java:218) ~[na:na]
?[0m?[0;34m	at java.base/sun.nio.ch.ServerSocketChannelImpl.end(ServerSocketChannelImpl.java:383) ~[na:na]
?[0m?[0;34m	at java.base/sun.nio.ch.ServerSocketChannelImpl.accept(ServerSocketChannelImpl.java:408) ~[na:na]
?[0m?[0;34m	at org.apache.tomcat.util.net.NioEndpoint.serverSocketAccept(NioEndpoint.java:535) ~[tomcat-embed-core-10.1.50.jar:10.1.50]
?[0m?[0;34m	at org.apache.tomcat.util.net.NioEndpoint.serverSocketAccept(NioEndpoint.java:70) ~[tomcat-embed-core-10.1.50.jar:10.1.50]
?[0m?[0;34m	at org.apache.tomcat.util.net.Acceptor.run(Acceptor.java:127) ~[tomcat-embed-core-10.1.50.jar:10.1.50]
?[0m?[0;34m	at java.base/java.lang.Thread.run(Thread.java:1575) ~[na:na]
?[0m?[0;34m
?[0m?[0;34m2026-04-23T19:02:41.607+07:00  INFO 80245 --- [       Thread-9] j.LocalContainerEntityManagerFactoryBean : Closing JPA EntityManagerFactory for persistence unit 'default'
?[0m?[0;34m2026-04-23T19:02:41.607+07:00  INFO 80245 --- [       Thread-9] com.zaxxer.hikari.HikariDataSource       : HikariPool-2 - Shutdown initiated...
?[0m?[0;34m2026-04-23T19:02:41.662+07:00  INFO 80245 --- [       Thread-9] com.zaxxer.hikari.HikariDataSource       : HikariPool-2 - Shutdown completed.
?[0;34m
?[0m?[0;34m  .   ____          _            __ _ _
?[0m?[0;34m /\\ / ___'_ __ _ _(_)_ __  __ _ \ \ \ \
?[0m?[0;34m( ( )\___ | '_ | '_| | '_ \/ _` | \ \ \ \
?[0m?[0;34m \\/  ___)| |_)| | | | | || (_| |  ) ) ) )
?[0m?[0;34m  '  |____| .__|_| |_|_| |_\__, | / / / /
?[0m?[0;34m =========|_|==============|___/=/_/_/_/
?[0m?[0;34m
?[0m?[0;34m :: Spring Boot ::                (v3.5.9)
?[0m?[0;34m
?[0m?[0;34m2026-04-23T19:02:49.493+07:00  INFO 80245 --- [    Test worker] engine.WebQuizEngine                     : Starting WebQuizEngine using Java 23.0.2 with PID 80245 (started by admin in /Users/admin/Documents/Personal/Learn/JAVA/Jetbrain Academy/Hyperskill Example/Web Quiz Engine with Java/Web Quiz Engine with Java/task)
?[0m?[0;34m2026-04-23T19:02:49.493+07:00  INFO 80245 --- [    Test worker] engine.WebQuizEngine                     : No active profile set, falling back to 1 default profile: "default"
?[0m?[0;34m2026-04-23T19:02:49.586+07:00  INFO 80245 --- [    Test worker] .s.d.r.c.RepositoryConfigurationDelegate : Bootstrapping Spring Data JPA repositories in DEFAULT mode.
?[0m?[0;34m2026-04-23T19:02:49.591+07:00  INFO 80245 --- [    Test worker] .s.d.r.c.RepositoryConfigurationDelegate : Finished Spring Data repository scanning in 4 ms. Found 2 JPA repository interfaces.
?[0m?[0;34m2026-04-23T19:02:49.618+07:00  INFO 80245 --- [    Test worker] o.s.b.w.embedded.tomcat.TomcatWebServer  : Tomcat initialized with port 8080 (http)
?[0m?[0;34m2026-04-23T19:02:49.619+07:00  INFO 80245 --- [    Test worker] o.apache.catalina.core.StandardService   : Starting service [Tomcat]
?[0m?[0;34m2026-04-23T19:02:49.619+07:00  INFO 80245 --- [    Test worker] o.apache.catalina.core.StandardEngine    : Starting Servlet engine: [Apache Tomcat/10.1.50]
?[0m?[0;34m2026-04-23T19:02:49.625+07:00  INFO 80245 --- [    Test worker] o.a.c.c.C.[Tomcat].[localhost].[/]       : Initializing Spring embedded WebApplicationContext
?[0m?[0;34m2026-04-23T19:02:49.625+07:00  INFO 80245 --- [    Test worker] w.s.c.ServletWebServerApplicationContext : Root WebApplicationContext: initialization completed in 131 ms
?[0m?[0;34m2026-04-23T19:02:49.642+07:00  INFO 80245 --- [    Test worker] o.hibernate.jpa.internal.util.LogHelper  : HHH000204: Processing PersistenceUnitInfo [name: default]
?[0m?[0;34m2026-04-23T19:02:49.643+07:00  INFO 80245 --- [    Test worker] o.h.c.internal.RegionFactoryInitiator    : HHH000026: Second-level cache disabled
?[0m?[0;34m2026-04-23T19:02:49.646+07:00  INFO 80245 --- [    Test worker] o.s.o.j.p.SpringPersistenceUnitInfo      : No LoadTimeWeaver setup: ignoring JPA class transformer
?[0m?[0;34m2026-04-23T19:02:49.647+07:00  INFO 80245 --- [    Test worker] com.zaxxer.hikari.HikariDataSource       : HikariPool-3 - Starting...
?[0m?[0;34m2026-04-23T19:02:49.690+07:00  INFO 80245 --- [    Test worker] com.zaxxer.hikari.pool.HikariPool        : HikariPool-3 - Added connection conn23: url=jdbc:h2:file:../quizdb user=SA
[...]
?[0m?[0;34mHibernate: select o1_0.quiz_id,o1_0.options from quiz_options o1_0 where o1_0.quiz_id=?
?[1;31m
Start test 150?[0m
?[0;34mHibernate: select a1_0.email,a1_0.password from author a1_0 where a1_0.email=?
?[0m?[0;34mHibernate: select q1_0.id,a1_0.email,a1_0.password,q1_0.text,q1_0.title,a2_0.quiz_id,a2_0.answer from quiz q1_0 left join author a1_0 on a1_0.email=q1_0.author_email left join quiz_answer a2_0 on q1_0.id=a2_0.quiz_id where q1_0.id=?
?[0m?[0;34mHibernate: select o1_0.quiz_id,o1_0.options from quiz_options o1_0 where o1_0.quiz_id=?
?[1;31m
Start test 151?[0m
?[0;34mHibernate: select a1_0.email,a1_0.password from author a1_0 where a1_0.email=?
?[0m?[0;34mHibernate: select q1_0.id,a1_0.email,a1_0.password,q1_0.text,q1_0.title,a2_0.quiz_id,a2_0.answer from quiz q1_0 left join author a1_0 on a1_0.email=q1_0.author_email left join quiz_answer a2_0 on q1_0.id=a2_0.quiz_id where q1_0.id=?
?[0m?[0;34mHibernate: select o1_0.quiz_id,o1_0.options from quiz_options o1_0 where o1_0.quiz_id=?
?[1;31m
Start test 152?[0m
?[0;34mHibernate: select a1_0.email,a1_0.password from author a1_0 where a1_0.email=?
?[0m?[0;34mHibernate: select q1_0.id,a1_0.email,a1_0.password,q1_0.text,q1_0.title,a2_0.quiz_id,a2_0.answer from quiz q1_0 left join author a1_0 on a1_0.email=q1_0.author_email left join quiz_answer a2_0 on q1_0.id=a2_0.quiz_id where q1_0.id=?
?[0m?[0;34mHibernate: select o1_0.quiz_id,o1_0.options from quiz_options o1_0 where o1_0.quiz_id=?
?[1;31m
Start test 153?[0m
?[0;34mHibernate: select a1_0.email,a1_0.password from author a1_0 where a1_0.email=?
?[0m?[0;34mHibernate: select q1_0.id,a1_0.email,a1_0.password,q1_0.text,q1_0.title,a2_0.quiz_id,a2_0.answer from quiz q1_0 left join author a1_0 on a1_0.email=q1_0.author_email left join quiz_answer a2_0 on q1_0.id=a2_0.quiz_id where q1_0.id=?
?[0m?[0;34mHibernate: select o1_0.quiz_id,o1_0.options from quiz_options o1_0 where o1_0.quiz_id=?
?[0m?[0;34mHibernate: delete from quiz_answer where quiz_id=?
?[0m?[0;34mHibernate: delete from quiz_options where quiz_id=?
?[0m?[0;34mHibernate: delete from quiz where id=?
?[1;31m
Start test 154?[0m
?[0;34mHibernate: select a1_0.email,a1_0.password from author a1_0 where a1_0.email=?
?[0m?[0;34mHibernate: select q1_0.id,a1_0.email,a1_0.password,q1_0.text,q1_0.title,a2_0.quiz_id,a2_0.answer from quiz q1_0 left join author a1_0 on a1_0.email=q1_0.author_email left join quiz_answer a2_0 on q1_0.id=a2_0.quiz_id where q1_0.id=?
?[1;31m
Start test 155?[0m
?[0;34mHibernate: select a1_0.email,a1_0.password from author a1_0 where a1_0.email=?
?[0m?[0;34mHibernate: select q1_0.id,a1_0.email,a1_0.password,q1_0.text,q1_0.title,a2_0.quiz_id,a2_0.answer from quiz q1_0 left join author a1_0 on a1_0.email=q1_0.author_email left join quiz_answer a2_0 on q1_0.id=a2_0.quiz_id where q1_0.id=?
?[1;31m
Start test 156?[0m
?[0;34mHibernate: select a1_0.email,a1_0.password from author a1_0 where a1_0.email=?
?[0m?[0;34mHibernate: select q1_0.id,a1_0.email,a1_0.password,q1_0.text,q1_0.title,a2_0.quiz_id,a2_0.answer from quiz q1_0 left join author a1_0 on a1_0.email=q1_0.author_email left join quiz_answer a2_0 on q1_0.id=a2_0.quiz_id where q1_0.id=?
?[1;31m
Start test 157?[0m
?[0;34mHibernate: select a1_0.email,a1_0.password from author a1_0 where a1_0.email=?
?[0m?[0;34mHibernate: select q1_0.id,a1_0.email,a1_0.password,q1_0.text,q1_0.title,a2_0.quiz_id,a2_0.answer from quiz q1_0 left join author a1_0 on a1_0.email=q1_0.author_email left join quiz_answer a2_0 on q1_0.id=a2_0.quiz_id where q1_0.id=?
?[0m?[0;34mHibernate: select o1_0.quiz_id,o1_0.options from quiz_options o1_0 where o1_0.quiz_id=?
?[1;31m
Start test 158?[0m
?[0m?[0;34mHibernate: select a1_0.email,a1_0.password from author a1_0 where a1_0.email=?
?[0m?[0;34mHibernate: select q1_0.id,a1_0.email,a1_0.password,q1_0.text,q1_0.title,a2_0.quiz_id,a2_0.answer from quiz q1_0 left join author a1_0 on a1_0.email=q1_0.author_email left join quiz_answer a2_0 on q1_0.id=a2_0.quiz_id where q1_0.id=?
?[0m?[0;34mHibernate: select o1_0.quiz_id,o1_0.options from quiz_options o1_0 where o1_0.quiz_id=?
?[1;31m
Start test 159?[0m
?[0m?[0;34mHibernate: select a1_0.email,a1_0.password from author a1_0 where a1_0.email=?
?[0m?[0;34mHibernate: select q1_0.id,a1_0.email,a1_0.password,q1_0.text,q1_0.title,a2_0.quiz_id,a2_0.answer from quiz q1_0 left join author a1_0 on a1_0.email=q1_0.author_email left join quiz_answer a2_0 on q1_0.id=a2_0.quiz_id where q1_0.id=?
?[0m?[0;34mHibernate: select o1_0.quiz_id,o1_0.options from quiz_options o1_0 where o1_0.quiz_id=?
?[1;31m
Start test 160?[0m
?[0m?[0;34mHibernate: select a1_0.email,a1_0.password from author a1_0 where a1_0.email=?
?[0m?[0;34mHibernate: select q1_0.id,a1_0.email,a1_0.password,q1_0.text,q1_0.title,a2_0.quiz_id,a2_0.answer from quiz q1_0 left join author a1_0 on a1_0.email=q1_0.author_email left join quiz_answer a2_0 on q1_0.id=a2_0.quiz_id where q1_0.id=?
?[0m?[0;34mHibernate: select o1_0.quiz_id,o1_0.options from quiz_options o1_0 where o1_0.quiz_id=?
?[1;31m
Start test 161?[0m
?[0m?[0;34mHibernate: select a1_0.email,a1_0.password from author a1_0 where a1_0.email=?
?[0m?[0;34mHibernate: select q1_0.id,a1_0.email,a1_0.password,q1_0.text,q1_0.title,a2_0.quiz_id,a2_0.answer from quiz q1_0 left join author a1_0 on a1_0.email=q1_0.author_email left join quiz_answer a2_0 on q1_0.id=a2_0.quiz_id where q1_0.id=?
?[0m?[0;34mHibernate: select o1_0.quiz_id,o1_0.options from quiz_options o1_0 where o1_0.quiz_id=?
?[0m?[0;34mHibernate: delete from quiz_answer where quiz_id=?
?[0m?[0;34mHibernate: delete from quiz_options where quiz_id=?
?[0m?[0;34mHibernate: delete from quiz where id=?
?[1;31m
Start test 162?[0m
?[0m?[0;34mHibernate: select a1_0.email,a1_0.password from author a1_0 where a1_0.email=?
?[0m?[0;34mHibernate: select q1_0.id,a1_0.email,a1_0.password,q1_0.text,q1_0.title,a2_0.quiz_id,a2_0.answer from quiz q1_0 left join author a1_0 on a1_0.email=q1_0.author_email left join quiz_answer a2_0 on q1_0.id=a2_0.quiz_id where q1_0.id=?
?[1;31m
Start test 163?[0m
?[0m?[0;34mHibernate: select a1_0.email,a1_0.password from author a1_0 where a1_0.email=?
?[0m?[0;34mHibernate: select q1_0.id,a1_0.email,a1_0.password,q1_0.text,q1_0.title,a2_0.quiz_id,a2_0.answer from quiz q1_0 left join author a1_0 on a1_0.email=q1_0.author_email left join quiz_answer a2_0 on q1_0.id=a2_0.quiz_id where q1_0.id=?
?[1;31m
Start test 164?[0m
?[0m?[0;34mHibernate: select a1_0.email,a1_0.password from author a1_0 where a1_0.email=?
?[0m?[0;34mHibernate: select q1_0.id,a1_0.email,a1_0.password,q1_0.text,q1_0.title,a2_0.quiz_id,a2_0.answer from quiz q1_0 left join author a1_0 on a1_0.email=q1_0.author_email left join quiz_answer a2_0 on q1_0.id=a2_0.quiz_id where q1_0.id=?
?[1;31m
Start test 165?[0m
?[0m?[0;34mHibernate: select a1_0.email,a1_0.password from author a1_0 where a1_0.email=?
?[0m?[0;34mHibernate: select q1_0.id,a1_0.email,a1_0.password,q1_0.text,q1_0.title,a2_0.quiz_id,a2_0.answer from quiz q1_0 left join author a1_0 on a1_0.email=q1_0.author_email left join quiz_answer a2_0 on q1_0.id=a2_0.quiz_id where q1_0.id=?
?[1;31m
Start test 166?[0m
?[0m?[0;34mHibernate: select a1_0.email,a1_0.password from author a1_0 where a1_0.email=?
?[0m?[0;34mHibernate: select q1_0.id,a1_0.email,a1_0.password,q1_0.text,q1_0.title,a2_0.quiz_id,a2_0.answer from quiz q1_0 left join author a1_0 on a1_0.email=q1_0.author_email left join quiz_answer a2_0 on q1_0.id=a2_0.quiz_id where q1_0.id=?
?[1;31m
Start test 167?[0m
?[0m?[0;34mHibernate: select a1_0.email,a1_0.password from author a1_0 where a1_0.email=?
?[0m?[0;34mHibernate: select q1_0.id,a1_0.email,a1_0.password,q1_0.text,q1_0.title,a2_0.quiz_id,a2_0.answer from quiz q1_0 left join author a1_0 on a1_0.email=q1_0.author_email left join quiz_answer a2_0 on q1_0.id=a2_0.quiz_id where q1_0.id=?
?[1;31m
Start test 168?[0m
?[0m?[0;34mHibernate: select a1_0.email,a1_0.password from author a1_0 where a1_0.email=?
?[0m?[0;34mHibernate: select q1_0.id,q1_0.author_email,q1_0.text,q1_0.title from quiz q1_0
?[0m?[0;34mHibernate: select a1_0.email,a1_0.password from author a1_0 where a1_0.email=?
?[0m?[0;34mHibernate: select o1_0.quiz_id,o1_0.options from quiz_options o1_0 where o1_0.quiz_id=?
?[0m?[0;34mHibernate: select a1_0.quiz_id,a1_0.answer from quiz_answer a1_0 where a1_0.quiz_id=?
?[0m?[0;34mHibernate: select o1_0.quiz_id,o1_0.options from quiz_options o1_0 where o1_0.quiz_id=?
?[0m?[0;34mHibernate: select a1_0.quiz_id,a1_0.answer from quiz_answer a1_0 where a1_0.quiz_id=?
?[0m?[0;34mHibernate: select o1_0.quiz_id,o1_0.options from quiz_options o1_0 where o1_0.quiz_id=?
?[0m?[0;34mHibernate: select a1_0.quiz_id,a1_0.answer from quiz_answer a1_0 where a1_0.quiz_id=?
?[0m?[0;34mHibernate: select o1_0.quiz_id,o1_0.options from quiz_options o1_0 where o1_0.quiz_id=?
?[0m?[0;34mHibernate: select a1_0.quiz_id,a1_0.answer from quiz_answer a1_0 where a1_0.quiz_id=?
?[0m?[0;34mHibernate: select o1_0.quiz_id,o1_0.options from quiz_options o1_0 where o1_0.quiz_id=?
?[0m?[0;34mHibernate: select a1_0.quiz_id,a1_0.answer from quiz_answer a1_0 where a1_0.quiz_id=?
?[1;31m
Start test 169?[0m
?[0;34m2026-04-23T19:02:52.142+07:00  INFO 80245 --- [      Thread-12] o.s.b.w.e.tomcat.GracefulShutdown        : Commencing graceful shutdown. Waiting for active requests to complete
?[0;34m2026-04-23T19:02:54.148+07:00  INFO 80245 --- [tomcat-shutdown] o.s.b.w.e.tomcat.GracefulShutdown        : Graceful shutdown complete
?[0;34m2026-04-23T19:02:54.148+07:00 ERROR 80245 --- [o-8080-Acceptor] org.apache.tomcat.util.net.Acceptor      : Socket accept failed
?[0m?[0;34m
?[0m?[0;34mjava.nio.channels.AsynchronousCloseException
?[0m?[0;34m	at java.base/java.nio.channels.spi.AbstractInterruptibleChannel.end(AbstractInterruptibleChannel.java:218) ~[na:na]
?[0m?[0;34m	at java.base/sun.nio.ch.ServerSocketChannelImpl.end(ServerSocketChannelImpl.java:383) ~[na:na]
?[0m?[0;34m	at java.base/sun.nio.ch.ServerSocketChannelImpl.accept(ServerSocketChannelImpl.java:408) ~[na:na]
?[0m?[0;34m	at org.apache.tomcat.util.net.NioEndpoint.serverSocketAccept(NioEndpoint.java:535) ~[tomcat-embed-core-10.1.50.jar:10.1.50]
?[0m?[0;34m	at org.apache.tomcat.util.net.NioEndpoint.serverSocketAccept(NioEndpoint.java:70) ~[tomcat-embed-core-10.1.50.jar:10.1.50]
?[0m?[0;34m	at org.apache.tomcat.util.net.Acceptor.run(Acceptor.java:127) ~[tomcat-embed-core-10.1.50.jar:10.1.50]
?[0m?[0;34m	at java.base/java.lang.Thread.run(Thread.java:1575) ~[na:na]
?[0m?[0;34m
?[0m?[0;34m2026-04-23T19:02:54.154+07:00  INFO 80245 --- [      Thread-12] j.LocalContainerEntityManagerFactoryBean : Closing JPA EntityManagerFactory for persistence unit 'default'
?[0m?[0;34m2026-04-23T19:02:54.155+07:00  INFO 80245 --- [      Thread-12] com.zaxxer.hikari.HikariDataSource       : HikariPool-3 - Shutdown initiated...
?[0m?[0;34m2026-04-23T19:02:54.233+07:00  INFO 80245 --- [      Thread-12] com.zaxxer.hikari.HikariDataSource       : HikariPool-3 - Shutdown completed.
?[0;34m
?[0m?[0;34m  .   ____          _            __ _ _
?[0m?[0;34m /\\ / ___'_ __ _ _(_)_ __  __ _ \ \ \ \
?[0m?[0;34m( ( )\___ | '_ | '_| | '_ \/ _` | \ \ \ \
?[0m?[0;34m \\/  ___)| |_)| | | | | || (_| |  ) ) ) )
?[0m?[0;34m  '  |____| .__|_| |_|_| |_\__, | / / / /
?[0m?[0;34m =========|_|==============|___/=/_/_/_/
?[0m?[0;34m
?[0m?[0;34m :: Spring Boot ::                (v3.5.9)
?[0m?[0;34m
?[0m?[0;34m2026-04-23T19:03:02.027+07:00  INFO 80245 --- [    Test worker] engine.WebQuizEngine                     : Starting WebQuizEngine using Java 23.0.2 with PID 80245 (started by admin in /Users/admin/Documents/Personal/Learn/JAVA/Jetbrain Academy/Hyperskill Example/Web Quiz Engine with Java/Web Quiz Engine with Java/task)
?[0m?[0;34m2026-04-23T19:03:02.027+07:00  INFO 80245 --- [    Test worker] engine.WebQuizEngine                     : No active profile set, falling back to 1 default profile: "default"
?[0m?[0;34m2026-04-23T19:03:02.115+07:00  INFO 80245 --- [    Test worker] .s.d.r.c.RepositoryConfigurationDelegate : Bootstrapping Spring Data JPA repositories in DEFAULT mode.
?[0m?[0;34m2026-04-23T19:03:02.119+07:00  INFO 80245 --- [    Test worker] .s.d.r.c.RepositoryConfigurationDelegate : Finished Spring Data repository scanning in 3 ms. Found 2 JPA repository interfaces.
?[0m?[0;34m2026-04-23T19:03:02.139+07:00  INFO 80245 --- [    Test worker] o.s.b.w.embedded.tomcat.TomcatWebServer  : Tomcat initialized with port 8080 (http)
?[0m?[0;34m2026-04-23T19:03:02.140+07:00  INFO 80245 --- [    Test worker] o.apache.catalina.core.StandardService   : Starting service [Tomcat]
?[0m?[0;34m2026-04-23T19:03:02.140+07:00  INFO 80245 --- [    Test worker] o.apache.catalina.core.StandardEngine    : Starting Servlet engine: [Apache Tomcat/10.1.50]
?[0m?[0;34m2026-04-23T19:03:02.145+07:00  INFO 80245 --- [    Test worker] o.a.c.c.C.[Tomcat].[localhost].[/]       : Initializing Spring embedded WebApplicationContext
?[0m?[0;34m2026-04-23T19:03:02.145+07:00  INFO 80245 --- [    Test worker] w.s.c.ServletWebServerApplicationContext : Root WebApplicationContext: initialization completed in 117 ms
?[0m?[0;34m2026-04-23T19:03:02.160+07:00  INFO 80245 --- [    Test worker] o.hibernate.jpa.internal.util.LogHelper  : HHH000204: Processing PersistenceUnitInfo [name: default]
?[0m?[0;34m2026-04-23T19:03:02.161+07:00  INFO 80245 --- [    Test worker] o.h.c.internal.RegionFactoryInitiator    : HHH000026: Second-level cache disabled
?[0m?[0;34m2026-04-23T19:03:02.164+07:00  INFO 80245 --- [    Test worker] o.s.o.j.p.SpringPersistenceUnitInfo      : No LoadTimeWeaver setup: ignoring JPA class transformer
?[0m?[0;34m2026-04-23T19:03:02.164+07:00  INFO 80245 --- [    Test worker] com.zaxxer.hikari.HikariDataSource       : HikariPool-4 - Starting...
?[0m?[0;34m2026-04-23T19:03:02.206+07:00  INFO 80245 --- [    Test worker] com.zaxxer.hikari.pool.HikariPool        : HikariPool-4 - Added connection conn34: url=jdbc:h2:file:../quizdb user=SA
?[0m?[0;34m2026-04-23T19:03:02.206+07:00  INFO 80245 --- [    Test worker] com.zaxxer.hikari.HikariDataSource       : HikariPool-4 - Start completed.
?[0m?[0;34m2026-04-23T19:03:02.206+07:00  WARN 80245 --- [    Test worker] org.hibernate.orm.deprecation            : HHH90000025: H2Dialect does not need to be specified explicitly using 'hibernate.dialect' (remove the property setting and it will be selected by default)
?[0m?[0;34m2026-04-23T19:03:02.206+07:00  INFO 80245 --- [    Test worker] org.hibernate.orm.connections.pooling    : HHH10001005: Database info:
?[0m?[0;34m	Database JDBC URL [Connecting through datasource 'HikariDataSource (HikariPool-4)']
?[0m?[0;34m	Database driver: undefined/unknown
?[0m?[0;34m	Database version: 2.3.232
?[0m?[0;34m	Autocommit mode: undefined/unknown
?[0m?[0;34m	Isolation level: undefined/unknown
?[0m?[0;34m	Minimum pool size: undefined/unknown
?[0m?[0;34m	Maximum pool size: undefined/unknown
?[0m?[0;34m2026-04-23T19:03:02.220+07:00  INFO 80245 --- [    Test worker] o.h.e.t.j.p.i.JtaPlatformInitiator       : HHH000489: No JTA platform available (set 'hibernate.transaction.jta.platform' to enable JTA platform integration)
?[0m?[0;34m2026-04-23T19:03:02.221+07:00  INFO 80245 --- [    Test worker] j.LocalContainerEntityManagerFactoryBean : Initialized JPA EntityManagerFactory for persistence unit 'default'
?[0m?[0;34m2026-04-23T19:03:02.233+07:00  WARN 80245 --- [    Test worker] JpaBaseConfiguration$JpaWebConfiguration : spring.jpa.open-in-view is enabled by default. Therefore, database queries may be performed during view rendering. Explicitly configure spring.jpa.open-in-view to disable this warning
?[0m?[0;34m2026-04-23T19:03:02.236+07:00  INFO 80245 --- [    Test worker] r$InitializeUserDetailsManagerConfigurer : Global AuthenticationManager configured with UserDetailsService bean with name authService
?[0m?[0;34m2026-04-23T19:03:02.276+07:00  INFO 80245 --- [    Test worker] o.s.b.a.e.web.EndpointLinksResolver      : Exposing 14 endpoints beneath base path '/actuator'
?[0m?[0;34m2026-04-23T19:03:02.298+07:00  INFO 80245 --- [    Test worker] o.s.b.a.h2.H2ConsoleAutoConfiguration    : H2 console available at '/h2-console'. Database available at 'jdbc:h2:file:../quizdb'
?[0m?[0;34m2026-04-23T19:03:02.305+07:00  INFO 80245 --- [    Test worker] o.s.b.w.embedded.tomcat.TomcatWebServer  : Tomcat started on port 8080 (http) with context path '/'
?[0m?[0;34m2026-04-23T19:03:02.308+07:00  INFO 80245 --- [    Test worker] engine.WebQuizEngine                     : Started WebQuizEngine in 0.301 seconds (process running for 49.05)
?[0m?[1;31m
Start test 170?[0m
?[0;34m2026-04-23T19:03:02.312+07:00  INFO 80245 --- [nio-8080-exec-1] o.a.c.c.C.[Tomcat].[localhost].[/]       : Initializing Spring DispatcherServlet 'dispatcherServlet'
?[0m?[0;34m2026-04-23T19:03:02.313+07:00  INFO 80245 --- [nio-8080-exec-1] o.s.web.servlet.DispatcherServlet        : Initializing Servlet 'dispatcherServlet'
?[0m?[0;34m2026-04-23T19:03:02.313+07:00  INFO 80245 --- [nio-8080-exec-1] o.s.web.servlet.DispatcherServlet        : Completed initialization in 0 ms
?[0m?[0;34mHibernate: select a1_0.email,a1_0.password from author a1_0 where a1_0.email=?
?[0m?[0;34mHibernate: select q1_0.id,q1_0.author_email,q1_0.text,q1_0.title from quiz q1_0
?[0m?[0;34mHibernate: select a1_0.email,a1_0.password from author a1_0 where a1_0.email=?
?[0m?[0;34mHibernate: select o1_0.quiz_id,o1_0.options from quiz_options o1_0 where o1_0.quiz_id=?
?[0m?[0;34mHibernate: select a1_0.quiz_id,a1_0.answer from quiz_answer a1_0 where a1_0.quiz_id=?
?[0m?[0;34mHibernate: select o1_0.quiz_id,o1_0.options from quiz_options o1_0 where o1_0.quiz_id=?
?[0m?[0;34mHibernate: select a1_0.quiz_id,a1_0.answer from quiz_answer a1_0 where a1_0.quiz_id=?
?[0m?[0;34mHibernate: select o1_0.quiz_id,o1_0.options from quiz_options o1_0 where o1_0.quiz_id=?
?[0m?[0;34mHibernate: select a1_0.quiz_id,a1_0.answer from quiz_answer a1_0 where a1_0.quiz_id=?
?[0m?[0;34mHibernate: select o1_0.quiz_id,o1_0.options from quiz_options o1_0 where o1_0.quiz_id=?
?[0m?[0;34mHibernate: select a1_0.quiz_id,a1_0.answer from quiz_answer a1_0 where a1_0.quiz_id=?
?[0m?[0;34mHibernate: select o1_0.quiz_id,o1_0.options from quiz_options o1_0 where o1_0.quiz_id=?
?[0m?[0;34mHibernate: select a1_0.quiz_id,a1_0.answer from quiz_answer a1_0 where a1_0.quiz_id=?
?[1;31m
Start test 171?[0m
?[0;34mHibernate: select a1_0.email,a1_0.password from author a1_0 where a1_0.email=?
?[0m?[0;34mHibernate: select q1_0.id,a1_0.email,a1_0.password,q1_0.text,q1_0.title,a2_0.quiz_id,a2_0.answer from quiz q1_0 left join author a1_0 on a1_0.email=q1_0.author_email left join quiz_answer a2_0 on q1_0.id=a2_0.quiz_id where q1_0.id=?
?[1;31m
Start test 172?[0m
?[0;34mHibernate: select a1_0.email,a1_0.password from author a1_0 where a1_0.email=?
?[0m?[0;34mHibernate: select q1_0.id,a1_0.email,a1_0.password,q1_0.text,q1_0.title,a2_0.quiz_id,a2_0.answer from quiz q1_0 left join author a1_0 on a1_0.email=q1_0.author_email left join quiz_answer a2_0 on q1_0.id=a2_0.quiz_id where q1_0.id=?
?[1;31m
Start test 173?[0m
?[0;34mHibernate: select a1_0.email,a1_0.password from author a1_0 where a1_0.email=?
?[0m?[0;34mHibernate: select q1_0.id,a1_0.email,a1_0.password,q1_0.text,q1_0.title,a2_0.quiz_id,a2_0.answer from quiz q1_0 left join author a1_0 on a1_0.email=q1_0.author_email left join quiz_answer a2_0 on q1_0.id=a2_0.quiz_id where q1_0.id=?
?[1;31m
Start test 174?[0m
?[0;34mHibernate: select a1_0.email,a1_0.password from author a1_0 where a1_0.email=?
?[0m?[0;34mHibernate: select q1_0.id,a1_0.email,a1_0.password,q1_0.text,q1_0.title,a2_0.quiz_id,a2_0.answer from quiz q1_0 left join author a1_0 on a1_0.email=q1_0.author_email left join quiz_answer a2_0 on q1_0.id=a2_0.quiz_id where q1_0.id=?
]]></system-out>
  <system-err><![CDATA[]]></system-err>
</testsuite>
